*** Starting uWSGI 2.0.15 (64bit) on [Sat Nov 25 16:07:56 2017] ***
compiled with version: 4.2.1 Compatible Apple LLVM 8.0.0 (clang-800.0.42.1) on 30 October 2017 06:31:19
os: Darwin-15.6.0 Darwin Kernel Version 15.6.0: Mon Jan  9 23:07:29 PST 2017; root:xnu-3248.60.11.2.1~1/RELEASE_X86_64
nodename: smartli.local
machine: x86_64
clock source: unix
detected number of CPU cores: 8
current working directory: /Users/smart/Desktop/dj/bj18/dailyfresh
writing pidfile to uwsgi.pid
detected binary path: /Users/smart/.virtualenvs/dailyfresh/bin/uwsgi
!!! no internal routing support, rebuild with pcre support !!!
chdir() to /Users/smart/Desktop/dj/bj18/dailyfresh
your processes number limit is 709
your memory page size is 4096 bytes
detected max file descriptor number: 10240
lock engine: OSX spinlocks
thunder lock: disabled (you can enable it with --thunder-lock)
uWSGI http bound on 127.0.0.1:8080 fd 4
uwsgi socket 0 bound to TCP address 127.0.0.1:55958 (port auto-assigned) fd 3
Python version: 3.5.2 (default, Oct 21 2017, 11:45:19)  [GCC 4.2.1 Compatible Apple LLVM 8.0.0 (clang-800.0.42.1)]
Set PythonHome to /Users/smart/.virtualenvs/dailyfresh
Python main interpreter initialized at 0x7fc848d02940
python threads support enabled
your server socket listen backlog is limited to 100 connections
your mercy for graceful operations on workers is 60 seconds
mapped 415200 bytes (405 KB) for 8 cores
*** Operational MODE: preforking+threaded ***
WSGI app 0 (mountpoint='') ready in 1 seconds on interpreter 0x7fc848d02940 pid: 7154 (default app)
*** uWSGI is running in multiple interpreter mode ***
spawned uWSGI master process (pid: 7154)
spawned uWSGI worker 1 (pid: 7155, cores: 2)
spawned uWSGI worker 2 (pid: 7156, cores: 2)
spawned uWSGI worker 3 (pid: 7157, cores: 2)
spawned uWSGI worker 4 (pid: 7158, cores: 2)
spawned uWSGI http 1 (pid: 7159)
设置缓存
[pid: 7156|app: 0|req: 1/1] 127.0.0.1 () {38 vars in 749 bytes} [Sat Nov 25 16:08:59 2017] GET /index => generated 13323 bytes in 463 msecs (HTTP/1.1 200) 3 headers in 102 bytes (1 switches on core 0)
[pid: 7156|app: 0|req: 2/2] 127.0.0.1 () {38 vars in 717 bytes} [Sat Nov 25 16:09:00 2017] GET /static/js/jquery-ui.min.js => generated 100 bytes in 2 msecs (HTTP/1.1 404) 2 headers in 80 bytes (2 switches on core 0)
[pid: 7155|app: 0|req: 1/3] 127.0.0.1 () {38 vars in 718 bytes} [Sat Nov 25 16:09:00 2017] GET /static/css/main.css => generated 93 bytes in 317 msecs (HTTP/1.1 404) 2 headers in 80 bytes (2 switches on core 1)
[pid: 7157|app: 0|req: 1/4] 127.0.0.1 () {38 vars in 720 bytes} [Sat Nov 25 16:09:00 2017] GET /static/css/reset.css => generated 94 bytes in 319 msecs (HTTP/1.1 404) 2 headers in 80 bytes (1 switches on core 1)
[pid: 7158|app: 0|req: 2/5] 127.0.0.1 () {38 vars in 701 bytes} [Sat Nov 25 16:09:00 2017] GET /static/js/slide.js => generated 92 bytes in 319 msecs (HTTP/1.1 404) 2 headers in 80 bytes (2 switches on core 0)
[pid: 7158|app: 0|req: 2/6] 127.0.0.1 () {38 vars in 725 bytes} [Sat Nov 25 16:09:00 2017] GET /static/js/jquery-1.12.4.min.js => generated 104 bytes in 319 msecs (HTTP/1.1 404) 2 headers in 80 bytes (2 switches on core 1)
[pid: 7156|app: 0|req: 4/7] 127.0.0.1 () {38 vars in 717 bytes} [Sat Nov 25 16:09:00 2017] GET /static/js/jquery-ui.min.js => generated 100 bytes in 1 msecs (HTTP/1.1 404) 2 headers in 80 bytes (2 switches on core 0)
[pid: 7156|app: 0|req: 4/8] 127.0.0.1 () {38 vars in 745 bytes} [Sat Nov 25 16:09:00 2017] GET /static/images/logo.png => generated 96 bytes in 3 msecs (HTTP/1.1 404) 2 headers in 80 bytes (1 switches on core 1)
[pid: 7158|app: 0|req: 3/9] 127.0.0.1 () {38 vars in 701 bytes} [Sat Nov 25 16:09:00 2017] GET /static/js/slide.js => generated 92 bytes in 1 msecs (HTTP/1.1 404) 2 headers in 80 bytes (2 switches on core 0)
SIGINT/SIGQUIT received...killing workers...
gateway "uWSGI http 1" has been buried (pid: 7159)
worker 4 buried after 1 seconds
worker 3 buried after 1 seconds
worker 2 buried after 1 seconds
worker 1 buried after 1 seconds
goodbye to uWSGI.
*** Starting uWSGI 2.0.15 (64bit) on [Sat Nov 25 16:25:54 2017] ***
compiled with version: 4.2.1 Compatible Apple LLVM 8.0.0 (clang-800.0.42.1) on 30 October 2017 06:31:19
os: Darwin-15.6.0 Darwin Kernel Version 15.6.0: Mon Jan  9 23:07:29 PST 2017; root:xnu-3248.60.11.2.1~1/RELEASE_X86_64
nodename: smartli.local
machine: x86_64
clock source: unix
detected number of CPU cores: 8
current working directory: /Users/smart/Desktop/dj/bj18/dailyfresh
writing pidfile to uwsgi.pid
detected binary path: /Users/smart/.virtualenvs/dailyfresh/bin/uwsgi
!!! no internal routing support, rebuild with pcre support !!!
chdir() to /Users/smart/Desktop/dj/bj18/dailyfresh
your processes number limit is 709
your memory page size is 4096 bytes
detected max file descriptor number: 10240
lock engine: OSX spinlocks
thunder lock: disabled (you can enable it with --thunder-lock)
uwsgi socket 0 bound to TCP address 127.0.0.1:8080 fd 3
Python version: 3.5.2 (default, Oct 21 2017, 11:45:19)  [GCC 4.2.1 Compatible Apple LLVM 8.0.0 (clang-800.0.42.1)]
Set PythonHome to /Users/smart/.virtualenvs/dailyfresh
Python main interpreter initialized at 0x7fb9d8c0a070
python threads support enabled
your server socket listen backlog is limited to 100 connections
your mercy for graceful operations on workers is 60 seconds
mapped 415200 bytes (405 KB) for 8 cores
*** Operational MODE: preforking+threaded ***
WSGI app 0 (mountpoint='') ready in 0 seconds on interpreter 0x7fb9d8c0a070 pid: 7453 (default app)
*** uWSGI is running in multiple interpreter mode ***
spawned uWSGI master process (pid: 7453)
spawned uWSGI worker 1 (pid: 7454, cores: 2)
spawned uWSGI worker 2 (pid: 7455, cores: 2)
spawned uWSGI worker 3 (pid: 7456, cores: 2)
spawned uWSGI worker 4 (pid: 7457, cores: 2)
[pid: 7456|app: 0|req: 1/1] 127.0.0.1 () {40 vars in 775 bytes} [Sat Nov 25 16:26:44 2017] GET /index => generated 13323 bytes in 436 msecs (HTTP/1.1 200) 3 headers in 102 bytes (1 switches on core 0)
[pid: 7456|app: 0|req: 2/2] 127.0.0.1 () {44 vars in 831 bytes} [Sat Nov 25 16:26:45 2017] GET /static/js/jquery-ui.min.js => generated 100 bytes in 2 msecs (HTTP/1.1 404) 2 headers in 80 bytes (2 switches on core 0)
[pid: 7454|app: 0|req: 1/4] 127.0.0.1 () {44 vars in 832 bytes} [Sat Nov 25 16:26:45 2017] GET /static/css/reset.css => generated 94 bytes in 312 msecs (HTTP/1.1 404) 2 headers in 80 bytes (1 switches on core 0)
[pid: 7455|app: 0|req: 1/4] 127.0.0.1 () {44 vars in 839 bytes} [Sat Nov 25 16:26:45 2017] GET /static/js/jquery-1.12.4.min.js => generated 104 bytes in 312 msecs (HTTP/1.1 404) 2 headers in 80 bytes (2 switches on core 1)
[pid: 7457|app: 0|req: 2/5] 127.0.0.1 () {44 vars in 831 bytes} [Sat Nov 25 16:26:45 2017] GET /static/css/main.css => generated 93 bytes in 314 msecs (HTTP/1.1 404) 2 headers in 80 bytes (1 switches on core 1)
[pid: 7457|app: 0|req: 2/6] 127.0.0.1 () {44 vars in 813 bytes} [Sat Nov 25 16:26:45 2017] GET /static/js/slide.js => generated 92 bytes in 314 msecs (HTTP/1.1 404) 2 headers in 80 bytes (1 switches on core 0)
[pid: 7457|app: 0|req: 4/7] 127.0.0.1 () {40 vars in 738 bytes} [Sat Nov 25 16:26:45 2017] GET /static/js/jquery-ui.min.js => generated 100 bytes in 1 msecs (HTTP/1.1 404) 2 headers in 80 bytes (2 switches on core 1)
[pid: 7457|app: 0|req: 4/8] 127.0.0.1 () {44 vars in 858 bytes} [Sat Nov 25 16:26:45 2017] GET /static/images/logo.png => generated 96 bytes in 0 msecs (HTTP/1.1 404) 2 headers in 80 bytes (2 switches on core 0)
[pid: 7457|app: 0|req: 5/9] 127.0.0.1 () {40 vars in 722 bytes} [Sat Nov 25 16:26:45 2017] GET /static/js/slide.js => generated 92 bytes in 1 msecs (HTTP/1.1 404) 2 headers in 80 bytes (1 switches on core 1)
[pid: 7457|app: 0|req: 6/10] 127.0.0.1 () {42 vars in 806 bytes} [Sat Nov 25 16:49:14 2017] GET /index => generated 13323 bytes in 139 msecs (HTTP/1.1 200) 3 headers in 102 bytes (2 switches on core 0)
[pid: 7457|app: 0|req: 7/11] 127.0.0.1 () {40 vars in 775 bytes} [Sat Nov 25 17:05:07 2017] GET /index => generated 13323 bytes in 84 msecs (HTTP/1.1 200) 3 headers in 102 bytes (1 switches on core 1)
[pid: 7454|app: 0|req: 2/12] 127.0.0.1 () {42 vars in 817 bytes} [Sat Nov 25 17:18:53 2017] GET /goods/6 => generated 9329 bytes in 114 msecs (HTTP/1.1 200) 4 headers in 224 bytes (2 switches on core 1)
[pid: 7457|app: 0|req: 8/13] 127.0.0.1 () {42 vars in 819 bytes} [Sat Nov 25 17:19:10 2017] GET /goods/9 => generated 9330 bytes in 22 msecs (HTTP/1.1 200) 4 headers in 224 bytes (1 switches on core 1)
[pid: 7455|app: 0|req: 2/14] 127.0.0.1 () {42 vars in 815 bytes} [Sat Nov 25 18:27:39 2017] GET /cart/ => generated 10865 bytes in 33 msecs (HTTP/1.1 200) 4 headers in 224 bytes (1 switches on core 1)
[pid: 7454|app: 0|req: 3/15] 127.0.0.1 () {42 vars in 815 bytes} [Sat Nov 25 18:27:46 2017] GET /cart/ => generated 11558 bytes in 15 msecs (HTTP/1.1 200) 4 headers in 224 bytes (2 switches on core 0)
*** Starting uWSGI 2.0.18 (64bit) on [Sun May 26 19:30:12 2019] ***
compiled with version: 5.4.0 20160609 on 25 May 2019 05:17:46
os: Linux-4.15.0-50-generic #54~16.04.1-Ubuntu SMP Wed May 8 15:55:19 UTC 2019
nodename: hnz-virtual-machine
machine: x86_64
clock source: unix
pcre jit disabled
detected number of CPU cores: 4
current working directory: /home/hnz/py/dailyfresh
writing pidfile to uwsgi.pid
detected binary path: /home/hnz/.virtualenvs/pytest/bin/uwsgi
chdir() to /home/hnz/py/dailyfresh
your processes number limit is 7643
your memory page size is 4096 bytes
detected max file descriptor number: 1048576
lock engine: pthread robust mutexes
thunder lock: disabled (you can enable it with --thunder-lock)
uWSGI http bound on 127.0.0.1:8080 fd 4
uwsgi socket 0 bound to TCP address 127.0.0.1:38167 (port auto-assigned) fd 3
Python version: 3.5.2 (default, Nov 12 2018, 13:43:14)  [GCC 5.4.0 20160609]
Set PythonHome to /home/hnz/.virtualenvs/pytest
Python main interpreter initialized at 0x26c8770
python threads support enabled
your server socket listen backlog is limited to 100 connections
your mercy for graceful operations on workers is 60 seconds
mapped 416880 bytes (407 KB) for 8 cores
*** Operational MODE: preforking+threaded ***
WSGI app 0 (mountpoint='') ready in 4 seconds on interpreter 0x26c8770 pid: 2306 (default app)
*** uWSGI is running in multiple interpreter mode ***
spawned uWSGI master process (pid: 2306)
spawned uWSGI worker 1 (pid: 2308, cores: 2)
spawned uWSGI worker 2 (pid: 2309, cores: 2)
spawned uWSGI worker 3 (pid: 2311, cores: 2)
spawned uWSGI worker 4 (pid: 2313, cores: 2)
spawned uWSGI http 1 (pid: 2314)
[pid: 2311|app: 0|req: 1/1] 127.0.0.1 () {38 vars in 721 bytes} [Sun May 26 19:31:19 2019] GET /index => generated 27 bytes in 9569 msecs (HTTP/1.1 500) 2 headers in 92 bytes (1 switches on core 0)
[pid: 2311|app: 0|req: 2/2] 127.0.0.1 () {36 vars in 649 bytes} [Sun May 26 19:31:29 2019] GET /favicon.ico => generated 85 bytes in 4 msecs (HTTP/1.1 404) 2 headers in 80 bytes (1 switches on core 1)
[pid: 2309|app: 0|req: 1/3] 127.0.0.1 () {38 vars in 709 bytes} [Sun May 26 19:32:07 2019] GET / => generated 74 bytes in 484 msecs (HTTP/1.1 404) 2 headers in 80 bytes (1 switches on core 0)
[pid: 2313|app: 0|req: 1/4] 127.0.0.1 () {38 vars in 710 bytes} [Sun May 26 19:32:24 2019] GET / => generated 74 bytes in 638 msecs (HTTP/1.1 404) 2 headers in 80 bytes (1 switches on core 0)
[pid: 2311|app: 0|req: 3/5] 127.0.0.1 () {38 vars in 720 bytes} [Sun May 26 19:32:30 2019] GET /index => generated 27 bytes in 4 msecs (HTTP/1.1 500) 2 headers in 92 bytes (1 switches on core 0)
[pid: 2309|app: 0|req: 2/6] 127.0.0.1 () {38 vars in 720 bytes} [Sun May 26 19:32:34 2019] GET /admin => generated 0 bytes in 2 msecs (HTTP/1.1 301) 3 headers in 143 bytes (1 switches on core 1)
[pid: 2313|app: 0|req: 2/7] 127.0.0.1 () {38 vars in 722 bytes} [Sun May 26 19:32:34 2019] GET /admin/ => generated 27 bytes in 253 msecs (HTTP/1.1 500) 3 headers in 106 bytes (1 switches on core 1)
[pid: 2311|app: 0|req: 4/8] 127.0.0.1 () {38 vars in 721 bytes} [Sun May 26 19:37:09 2019] GET /index => generated 27 bytes in 21 msecs (HTTP/1.1 500) 2 headers in 92 bytes (1 switches on core 1)
SIGINT/SIGQUIT received...killing workers...
gateway "uWSGI http 1" has been buried (pid: 2314)
worker 1 buried after 2 seconds
worker 2 buried after 2 seconds
worker 3 buried after 2 seconds
worker 4 buried after 2 seconds
goodbye to uWSGI.
*** Starting uWSGI 2.0.18 (64bit) on [Sun May 26 19:42:24 2019] ***
compiled with version: 5.4.0 20160609 on 25 May 2019 05:17:46
os: Linux-4.15.0-50-generic #54~16.04.1-Ubuntu SMP Wed May 8 15:55:19 UTC 2019
nodename: hnz-virtual-machine
machine: x86_64
clock source: unix
pcre jit disabled
detected number of CPU cores: 4
current working directory: /home/hnz/py/dailyfresh
writing pidfile to uwsgi.pid
detected binary path: /home/hnz/.virtualenvs/pytest/bin/uwsgi
chdir() to /home/hnz/py/dailyfresh
your processes number limit is 7643
your memory page size is 4096 bytes
detected max file descriptor number: 1048576
lock engine: pthread robust mutexes
thunder lock: disabled (you can enable it with --thunder-lock)
uWSGI http bound on 127.0.0.1:8080 fd 4
uwsgi socket 0 bound to TCP address 127.0.0.1:42187 (port auto-assigned) fd 3
Python version: 3.5.2 (default, Nov 12 2018, 13:43:14)  [GCC 5.4.0 20160609]
Set PythonHome to /home/hnz/.virtualenvs/pytest
Python main interpreter initialized at 0x1c0e770
python threads support enabled
your server socket listen backlog is limited to 100 connections
your mercy for graceful operations on workers is 60 seconds
mapped 416880 bytes (407 KB) for 8 cores
*** Operational MODE: preforking+threaded ***
WSGI app 0 (mountpoint='') ready in 5 seconds on interpreter 0x1c0e770 pid: 2773 (default app)
*** uWSGI is running in multiple interpreter mode ***
spawned uWSGI master process (pid: 2773)
spawned uWSGI worker 1 (pid: 2778, cores: 2)
spawned uWSGI worker 2 (pid: 2780, cores: 2)
spawned uWSGI worker 3 (pid: 2782, cores: 2)
spawned uWSGI worker 4 (pid: 2783, cores: 2)
spawned uWSGI http 1 (pid: 2785)
[pid: 2782|app: 0|req: 1/1] 127.0.0.1 () {40 vars in 752 bytes} [Sun May 26 19:42:42 2019] GET /index => generated 27 bytes in 2885 msecs (HTTP/1.1 500) 2 headers in 92 bytes (1 switches on core 0)
SIGINT/SIGQUIT received...killing workers...
gateway "uWSGI http 1" has been buried (pid: 2785)
worker 1 buried after 1 seconds
worker 2 buried after 1 seconds
worker 3 buried after 1 seconds
worker 4 buried after 1 seconds
goodbye to uWSGI.
*** Starting uWSGI 2.0.18 (64bit) on [Sun May 26 20:07:52 2019] ***
compiled with version: 5.4.0 20160609 on 25 May 2019 05:17:46
os: Linux-4.15.0-50-generic #54~16.04.1-Ubuntu SMP Wed May 8 15:55:19 UTC 2019
nodename: hnz-virtual-machine
machine: x86_64
clock source: unix
pcre jit disabled
detected number of CPU cores: 4
current working directory: /home/hnz/py/dailyfresh
writing pidfile to uwsgi.pid
detected binary path: /home/hnz/.virtualenvs/pytest/bin/uwsgi
chdir() to /home/hnz/py/dailyfresh
your processes number limit is 7643
your memory page size is 4096 bytes
detected max file descriptor number: 1048576
lock engine: pthread robust mutexes
thunder lock: disabled (you can enable it with --thunder-lock)
uwsgi socket 0 bound to TCP address 127.0.0.1:8080 fd 3
Python version: 3.5.2 (default, Nov 12 2018, 13:43:14)  [GCC 5.4.0 20160609]
Set PythonHome to /home/hnz/.virtualenvs/pytest
Python main interpreter initialized at 0x11e0680
python threads support enabled
your server socket listen backlog is limited to 100 connections
your mercy for graceful operations on workers is 60 seconds
mapped 416880 bytes (407 KB) for 8 cores
*** Operational MODE: preforking+threaded ***
WSGI app 0 (mountpoint='') ready in 1 seconds on interpreter 0x11e0680 pid: 3109 (default app)
*** uWSGI is running in multiple interpreter mode ***
spawned uWSGI master process (pid: 3109)
spawned uWSGI worker 1 (pid: 3111, cores: 2)
spawned uWSGI worker 2 (pid: 3112, cores: 2)
spawned uWSGI worker 3 (pid: 3114, cores: 2)
spawned uWSGI worker 4 (pid: 3117, cores: 2)
[pid: 3111|app: 0|req: 1/1] 127.0.0.1 () {42 vars in 763 bytes} [Sun May 26 20:08:11 2019] GET / => generated 74 bytes in 3515 msecs (HTTP/1.1 404) 2 headers in 80 bytes (1 switches on core 0)
设置缓存
[pid: 3111|app: 0|req: 2/2] 127.0.0.1 () {40 vars in 742 bytes} [Sun May 26 20:08:17 2019] GET /index => generated 27 bytes in 5256 msecs (HTTP/1.1 500) 3 headers in 106 bytes (1 switches on core 1)
[pid: 3117|app: 0|req: 1/3] 127.0.0.1 () {40 vars in 742 bytes} [Sun May 26 20:09:43 2019] GET /index => generated 27 bytes in 711 msecs (HTTP/1.1 500) 3 headers in 106 bytes (1 switches on core 0)
invalid request block size: 21573 (max 4096)...skip
invalid request block size: 21573 (max 4096)...skip
invalid request block size: 21573 (max 4096)...skip
invalid request block size: 21573 (max 4096)...skip
invalid request block size: 21573 (max 4096)...skip
invalid request block size: 21573 (max 4096)...skip
invalid request block size: 21573 (max 4096)...skip
invalid request block size: 21573 (max 4096)...skip
invalid request block size: 21573 (max 4096)...skip
invalid request block size: 21573 (max 4096)...skip
[pid: 3117|app: 0|req: 2/4] 127.0.0.1 () {40 vars in 742 bytes} [Sun May 26 20:10:01 2019] GET /index => generated 27 bytes in 128 msecs (HTTP/1.1 500) 3 headers in 106 bytes (1 switches on core 0)
[pid: 3117|app: 0|req: 3/5] 127.0.0.1 () {42 vars in 773 bytes} [Sun May 26 20:15:28 2019] GET /index => generated 27 bytes in 154 msecs (HTTP/1.1 500) 3 headers in 106 bytes (1 switches on core 1)
[pid: 3117|app: 0|req: 4/6] 127.0.0.1 () {42 vars in 773 bytes} [Sun May 26 20:15:29 2019] GET /index => generated 27 bytes in 165 msecs (HTTP/1.1 500) 3 headers in 106 bytes (1 switches on core 0)
SIGINT/SIGQUIT received...killing workers...
worker 1 buried after 1 seconds
worker 2 buried after 1 seconds
worker 3 buried after 1 seconds
worker 4 buried after 1 seconds
goodbye to uWSGI.
*** Starting uWSGI 2.0.18 (64bit) on [Sun May 26 20:16:37 2019] ***
compiled with version: 5.4.0 20160609 on 25 May 2019 05:17:46
os: Linux-4.15.0-50-generic #54~16.04.1-Ubuntu SMP Wed May 8 15:55:19 UTC 2019
nodename: hnz-virtual-machine
machine: x86_64
clock source: unix
pcre jit disabled
detected number of CPU cores: 4
current working directory: /home/hnz/py/dailyfresh
writing pidfile to uwsgi.pid
detected binary path: /home/hnz/.virtualenvs/pytest/bin/uwsgi
chdir() to /home/hnz/py/dailyfresh
your processes number limit is 7643
your memory page size is 4096 bytes
detected max file descriptor number: 1048576
lock engine: pthread robust mutexes
thunder lock: disabled (you can enable it with --thunder-lock)
uwsgi socket 0 bound to TCP address 127.0.0.1:8080 fd 3
Python version: 3.5.2 (default, Nov 12 2018, 13:43:14)  [GCC 5.4.0 20160609]
Set PythonHome to /home/hnz/.virtualenvs/pytest
Python main interpreter initialized at 0x15ef680
python threads support enabled
your server socket listen backlog is limited to 100 connections
your mercy for graceful operations on workers is 60 seconds
mapped 416880 bytes (407 KB) for 8 cores
*** Operational MODE: preforking+threaded ***
WSGI app 0 (mountpoint='') ready in 7 seconds on interpreter 0x15ef680 pid: 3261 (default app)
*** uWSGI is running in multiple interpreter mode ***
spawned uWSGI master process (pid: 3261)
spawned uWSGI worker 1 (pid: 3267, cores: 2)
spawned uWSGI worker 2 (pid: 3269, cores: 2)
spawned uWSGI worker 3 (pid: 3271, cores: 2)
spawned uWSGI worker 4 (pid: 3273, cores: 2)
/home/hnz/.virtualenvs/pytest/lib/python3.5/site-packages/django_redis/__init__.py:10: RemovedInDjango19Warning: 'get_cache' is deprecated in favor of 'caches'.
  cache = get_cache(alias)

Traceback (most recent call last):
  File "/home/hnz/.virtualenvs/pytest/lib/python3.5/site-packages/django/template/base.py", line 817, in _resolve_lookup
    current = current[bit]
TypeError: 'ImageFieldFile' object is not subscriptable

During handling of the above exception, another exception occurred:

Traceback (most recent call last):
  File "/home/hnz/.virtualenvs/pytest/lib/python3.5/site-packages/django/core/handlers/base.py", line 132, in get_response
    response = wrapped_callback(request, *callback_args, **callback_kwargs)
  File "/home/hnz/.virtualenvs/pytest/lib/python3.5/site-packages/django/views/generic/base.py", line 71, in view
    return self.dispatch(request, *args, **kwargs)
  File "/home/hnz/.virtualenvs/pytest/lib/python3.5/site-packages/django/views/generic/base.py", line 89, in dispatch
    return handler(request, *args, **kwargs)
  File "/home/hnz/py/dailyfresh/apps/goods/views.py", line 71, in get
    return render(request, 'index.html', context)
  File "/home/hnz/.virtualenvs/pytest/lib/python3.5/site-packages/django/shortcuts.py", line 67, in render
    template_name, context, request=request, using=using)
  File "/home/hnz/.virtualenvs/pytest/lib/python3.5/site-packages/django/template/loader.py", line 99, in render_to_string
    return template.render(context, request)
  File "/home/hnz/.virtualenvs/pytest/lib/python3.5/site-packages/django/template/backends/django.py", line 74, in render
    return self.template.render(context)
  File "/home/hnz/.virtualenvs/pytest/lib/python3.5/site-packages/django/template/base.py", line 209, in render
    return self._render(context)
  File "/home/hnz/.virtualenvs/pytest/lib/python3.5/site-packages/django/template/base.py", line 201, in _render
    return self.nodelist.render(context)
  File "/home/hnz/.virtualenvs/pytest/lib/python3.5/site-packages/django/template/base.py", line 903, in render
    bit = self.render_node(node, context)
  File "/home/hnz/.virtualenvs/pytest/lib/python3.5/site-packages/django/template/debug.py", line 79, in render_node
    return node.render(context)
  File "/home/hnz/.virtualenvs/pytest/lib/python3.5/site-packages/django/template/loader_tags.py", line 135, in render
    return compiled_parent._render(context)
  File "/home/hnz/.virtualenvs/pytest/lib/python3.5/site-packages/django/template/base.py", line 201, in _render
    return self.nodelist.render(context)
  File "/home/hnz/.virtualenvs/pytest/lib/python3.5/site-packages/django/template/base.py", line 903, in render
    bit = self.render_node(node, context)
  File "/home/hnz/.virtualenvs/pytest/lib/python3.5/site-packages/django/template/debug.py", line 79, in render_node
    return node.render(context)
  File "/home/hnz/.virtualenvs/pytest/lib/python3.5/site-packages/django/template/loader_tags.py", line 65, in render
    result = block.nodelist.render(context)
  File "/home/hnz/.virtualenvs/pytest/lib/python3.5/site-packages/django/template/base.py", line 903, in render
    bit = self.render_node(node, context)
  File "/home/hnz/.virtualenvs/pytest/lib/python3.5/site-packages/django/template/debug.py", line 79, in render_node
    return node.render(context)
  File "/home/hnz/.virtualenvs/pytest/lib/python3.5/site-packages/django/template/defaulttags.py", line 217, in render
    nodelist.append(node.render(context))
  File "/home/hnz/.virtualenvs/pytest/lib/python3.5/site-packages/django/template/debug.py", line 89, in render
    output = self.filter_expression.resolve(context)
  File "/home/hnz/.virtualenvs/pytest/lib/python3.5/site-packages/django/template/base.py", line 647, in resolve
    obj = self.var.resolve(context)
  File "/home/hnz/.virtualenvs/pytest/lib/python3.5/site-packages/django/template/base.py", line 787, in resolve
    value = self._resolve_lookup(context)
  File "/home/hnz/.virtualenvs/pytest/lib/python3.5/site-packages/django/template/base.py", line 825, in _resolve_lookup
    current = getattr(current, bit)
  File "/home/hnz/.virtualenvs/pytest/lib/python3.5/site-packages/django/db/models/fields/files.py", line 69, in _get_url
    return self.storage.url(self.name)
  File "/home/hnz/.virtualenvs/pytest/lib/python3.5/site-packages/django/utils/functional.py", line 226, in inner
    self._setup()
  File "/home/hnz/.virtualenvs/pytest/lib/python3.5/site-packages/django/core/files/storage.py", line 334, in _setup
    self._wrapped = get_storage_class()()
  File "/home/hnz/.virtualenvs/pytest/lib/python3.5/site-packages/django/core/files/storage.py", line 329, in get_storage_class
    return import_string(import_path or settings.DEFAULT_FILE_STORAGE)
  File "/home/hnz/.virtualenvs/pytest/lib/python3.5/site-packages/django/utils/module_loading.py", line 26, in import_string
    module = import_module(module_path)
  File "/home/hnz/.virtualenvs/pytest/lib/python3.5/importlib/__init__.py", line 126, in import_module
    return _bootstrap._gcd_import(name[level:], package, level)
  File "<frozen importlib._bootstrap>", line 986, in _gcd_import
  File "<frozen importlib._bootstrap>", line 969, in _find_and_load
  File "<frozen importlib._bootstrap>", line 958, in _find_and_load_unlocked
  File "<frozen importlib._bootstrap>", line 673, in _load_unlocked
  File "<frozen importlib._bootstrap_external>", line 665, in exec_module
  File "<frozen importlib._bootstrap>", line 222, in _call_with_frames_removed
  File "./utils/fdfs/storage.py", line 3, in <module>
    from fdfs_client.client import Fdfs_client
  File "/home/hnz/.virtualenvs/pytest/lib/python3.5/site-packages/fdfs_client/client.py", line 11, in <module>
    from fdfs_client.tracker_client import *
  File "/home/hnz/.virtualenvs/pytest/lib/python3.5/site-packages/fdfs_client/tracker_client.py", line 17, in <module>
    from fdfs_client.utils import *
  File "/home/hnz/.virtualenvs/pytest/lib/python3.5/site-packages/fdfs_client/utils.py", line 8, in <module>
    from mutagen._compat import StringIO
ImportError: No module named 'mutagen'

During handling of the above exception, another exception occurred:

Traceback (most recent call last):
  File "/home/hnz/.virtualenvs/pytest/lib/python3.5/site-packages/django/core/handlers/wsgi.py", line 189, in __call__
    response = self.get_response(request)
  File "/home/hnz/.virtualenvs/pytest/lib/python3.5/site-packages/django/core/handlers/base.py", line 218, in get_response
    response = self.handle_uncaught_exception(request, resolver, sys.exc_info())
  File "/home/hnz/.virtualenvs/pytest/lib/python3.5/site-packages/django/core/handlers/base.py", line 261, in handle_uncaught_exception
    return debug.technical_500_response(request, *exc_info)
  File "/home/hnz/.virtualenvs/pytest/lib/python3.5/site-packages/django/views/debug.py", line 97, in technical_500_response
    html = reporter.get_traceback_html()
  File "/home/hnz/.virtualenvs/pytest/lib/python3.5/site-packages/django/views/debug.py", line 383, in get_traceback_html
    c = Context(self.get_traceback_data(), use_l10n=False)
  File "/home/hnz/.virtualenvs/pytest/lib/python3.5/site-packages/django/views/debug.py", line 328, in get_traceback_data
    frames = self.get_traceback_frames()
  File "/home/hnz/.virtualenvs/pytest/lib/python3.5/site-packages/django/views/debug.py", line 501, in get_traceback_frames
    'vars': self.filter.get_traceback_frame_variables(self.request, tb.tb_frame),
  File "/home/hnz/.virtualenvs/pytest/lib/python3.5/site-packages/django/views/debug.py", line 234, in get_traceback_frame_variables
    cleansed[name] = self.cleanse_special_types(request, value)
  File "/home/hnz/.virtualenvs/pytest/lib/python3.5/site-packages/django/views/debug.py", line 189, in cleanse_special_types
    if isinstance(value, HttpRequest):
  File "/home/hnz/.virtualenvs/pytest/lib/python3.5/site-packages/django/utils/functional.py", line 226, in inner
    self._setup()
  File "/home/hnz/.virtualenvs/pytest/lib/python3.5/site-packages/django/core/files/storage.py", line 334, in _setup
    self._wrapped = get_storage_class()()
  File "/home/hnz/.virtualenvs/pytest/lib/python3.5/site-packages/django/core/files/storage.py", line 329, in get_storage_class
    return import_string(import_path or settings.DEFAULT_FILE_STORAGE)
  File "/home/hnz/.virtualenvs/pytest/lib/python3.5/site-packages/django/utils/module_loading.py", line 26, in import_string
    module = import_module(module_path)
  File "/home/hnz/.virtualenvs/pytest/lib/python3.5/importlib/__init__.py", line 126, in import_module
    return _bootstrap._gcd_import(name[level:], package, level)
  File "<frozen importlib._bootstrap>", line 986, in _gcd_import
  File "<frozen importlib._bootstrap>", line 969, in _find_and_load
  File "<frozen importlib._bootstrap>", line 958, in _find_and_load_unlocked
  File "<frozen importlib._bootstrap>", line 673, in _load_unlocked
  File "<frozen importlib._bootstrap_external>", line 665, in exec_module
  File "<frozen importlib._bootstrap>", line 222, in _call_with_frames_removed
  File "./utils/fdfs/storage.py", line 3, in <module>
    from fdfs_client.client import Fdfs_client
  File "/home/hnz/.virtualenvs/pytest/lib/python3.5/site-packages/fdfs_client/client.py", line 11, in <module>
    from fdfs_client.tracker_client import *
  File "/home/hnz/.virtualenvs/pytest/lib/python3.5/site-packages/fdfs_client/tracker_client.py", line 17, in <module>
    from fdfs_client.utils import *
  File "/home/hnz/.virtualenvs/pytest/lib/python3.5/site-packages/fdfs_client/utils.py", line 8, in <module>
    from mutagen._compat import StringIO
ImportError: No module named 'mutagen'
[pid: 3267|app: 0|req: 1/1] 127.0.0.1 () {42 vars in 773 bytes} [Sun May 26 20:16:44 2019] GET /index => generated 0 bytes in 1273 msecs (HTTP/1.1 500) 0 headers in 0 bytes (0 switches on core 0)
SIGINT/SIGQUIT received...killing workers...
worker 1 buried after 1 seconds
worker 2 buried after 1 seconds
worker 3 buried after 1 seconds
worker 4 buried after 1 seconds
goodbye to uWSGI.
*** Starting uWSGI 2.0.18 (64bit) on [Sun May 26 20:23:31 2019] ***
compiled with version: 5.4.0 20160609 on 25 May 2019 05:17:46
os: Linux-4.15.0-50-generic #54~16.04.1-Ubuntu SMP Wed May 8 15:55:19 UTC 2019
nodename: hnz-virtual-machine
machine: x86_64
clock source: unix
pcre jit disabled
detected number of CPU cores: 4
current working directory: /home/hnz/py/dailyfresh
writing pidfile to uwsgi.pid
detected binary path: /home/hnz/.virtualenvs/pytest/bin/uwsgi
chdir() to /home/hnz/py/dailyfresh
your processes number limit is 7643
your memory page size is 4096 bytes
detected max file descriptor number: 1048576
lock engine: pthread robust mutexes
thunder lock: disabled (you can enable it with --thunder-lock)
uwsgi socket 0 bound to TCP address 127.0.0.1:8080 fd 3
Python version: 3.5.2 (default, Nov 12 2018, 13:43:14)  [GCC 5.4.0 20160609]
Set PythonHome to /home/hnz/.virtualenvs/pytest
Python main interpreter initialized at 0x22c7680
python threads support enabled
your server socket listen backlog is limited to 100 connections
your mercy for graceful operations on workers is 60 seconds
mapped 416880 bytes (407 KB) for 8 cores
*** Operational MODE: preforking+threaded ***
WSGI app 0 (mountpoint='') ready in 0 seconds on interpreter 0x22c7680 pid: 3537 (default app)
*** uWSGI is running in multiple interpreter mode ***
spawned uWSGI master process (pid: 3537)
spawned uWSGI worker 1 (pid: 3539, cores: 2)
spawned uWSGI worker 2 (pid: 3541, cores: 2)
spawned uWSGI worker 3 (pid: 3543, cores: 2)
spawned uWSGI worker 4 (pid: 3545, cores: 2)
/home/hnz/.virtualenvs/pytest/lib/python3.5/site-packages/django_redis/__init__.py:10: RemovedInDjango19Warning: 'get_cache' is deprecated in favor of 'caches'.
  cache = get_cache(alias)

Traceback (most recent call last):
  File "/home/hnz/.virtualenvs/pytest/lib/python3.5/site-packages/django/template/base.py", line 817, in _resolve_lookup
    current = current[bit]
TypeError: 'ImageFieldFile' object is not subscriptable

During handling of the above exception, another exception occurred:

Traceback (most recent call last):
  File "/home/hnz/.virtualenvs/pytest/lib/python3.5/site-packages/django/core/handlers/base.py", line 132, in get_response
    response = wrapped_callback(request, *callback_args, **callback_kwargs)
  File "/home/hnz/.virtualenvs/pytest/lib/python3.5/site-packages/django/views/generic/base.py", line 71, in view
    return self.dispatch(request, *args, **kwargs)
  File "/home/hnz/.virtualenvs/pytest/lib/python3.5/site-packages/django/views/generic/base.py", line 89, in dispatch
    return handler(request, *args, **kwargs)
  File "/home/hnz/py/dailyfresh/apps/goods/views.py", line 71, in get
    return render(request, 'index.html', context)
  File "/home/hnz/.virtualenvs/pytest/lib/python3.5/site-packages/django/shortcuts.py", line 67, in render
    template_name, context, request=request, using=using)
  File "/home/hnz/.virtualenvs/pytest/lib/python3.5/site-packages/django/template/loader.py", line 99, in render_to_string
    return template.render(context, request)
  File "/home/hnz/.virtualenvs/pytest/lib/python3.5/site-packages/django/template/backends/django.py", line 74, in render
    return self.template.render(context)
  File "/home/hnz/.virtualenvs/pytest/lib/python3.5/site-packages/django/template/base.py", line 209, in render
    return self._render(context)
  File "/home/hnz/.virtualenvs/pytest/lib/python3.5/site-packages/django/template/base.py", line 201, in _render
    return self.nodelist.render(context)
  File "/home/hnz/.virtualenvs/pytest/lib/python3.5/site-packages/django/template/base.py", line 903, in render
    bit = self.render_node(node, context)
  File "/home/hnz/.virtualenvs/pytest/lib/python3.5/site-packages/django/template/debug.py", line 79, in render_node
    return node.render(context)
  File "/home/hnz/.virtualenvs/pytest/lib/python3.5/site-packages/django/template/loader_tags.py", line 135, in render
    return compiled_parent._render(context)
  File "/home/hnz/.virtualenvs/pytest/lib/python3.5/site-packages/django/template/base.py", line 201, in _render
    return self.nodelist.render(context)
  File "/home/hnz/.virtualenvs/pytest/lib/python3.5/site-packages/django/template/base.py", line 903, in render
    bit = self.render_node(node, context)
  File "/home/hnz/.virtualenvs/pytest/lib/python3.5/site-packages/django/template/debug.py", line 79, in render_node
    return node.render(context)
  File "/home/hnz/.virtualenvs/pytest/lib/python3.5/site-packages/django/template/loader_tags.py", line 65, in render
    result = block.nodelist.render(context)
  File "/home/hnz/.virtualenvs/pytest/lib/python3.5/site-packages/django/template/base.py", line 903, in render
    bit = self.render_node(node, context)
  File "/home/hnz/.virtualenvs/pytest/lib/python3.5/site-packages/django/template/debug.py", line 79, in render_node
    return node.render(context)
  File "/home/hnz/.virtualenvs/pytest/lib/python3.5/site-packages/django/template/defaulttags.py", line 217, in render
    nodelist.append(node.render(context))
  File "/home/hnz/.virtualenvs/pytest/lib/python3.5/site-packages/django/template/debug.py", line 89, in render
    output = self.filter_expression.resolve(context)
  File "/home/hnz/.virtualenvs/pytest/lib/python3.5/site-packages/django/template/base.py", line 647, in resolve
    obj = self.var.resolve(context)
  File "/home/hnz/.virtualenvs/pytest/lib/python3.5/site-packages/django/template/base.py", line 787, in resolve
    value = self._resolve_lookup(context)
  File "/home/hnz/.virtualenvs/pytest/lib/python3.5/site-packages/django/template/base.py", line 825, in _resolve_lookup
    current = getattr(current, bit)
  File "/home/hnz/.virtualenvs/pytest/lib/python3.5/site-packages/django/db/models/fields/files.py", line 69, in _get_url
    return self.storage.url(self.name)
  File "/home/hnz/.virtualenvs/pytest/lib/python3.5/site-packages/django/utils/functional.py", line 226, in inner
    self._setup()
  File "/home/hnz/.virtualenvs/pytest/lib/python3.5/site-packages/django/core/files/storage.py", line 334, in _setup
    self._wrapped = get_storage_class()()
  File "/home/hnz/.virtualenvs/pytest/lib/python3.5/site-packages/django/core/files/storage.py", line 329, in get_storage_class
    return import_string(import_path or settings.DEFAULT_FILE_STORAGE)
  File "/home/hnz/.virtualenvs/pytest/lib/python3.5/site-packages/django/utils/module_loading.py", line 26, in import_string
    module = import_module(module_path)
  File "/home/hnz/.virtualenvs/pytest/lib/python3.5/importlib/__init__.py", line 126, in import_module
    return _bootstrap._gcd_import(name[level:], package, level)
  File "<frozen importlib._bootstrap>", line 986, in _gcd_import
  File "<frozen importlib._bootstrap>", line 969, in _find_and_load
  File "<frozen importlib._bootstrap>", line 958, in _find_and_load_unlocked
  File "<frozen importlib._bootstrap>", line 673, in _load_unlocked
  File "<frozen importlib._bootstrap_external>", line 665, in exec_module
  File "<frozen importlib._bootstrap>", line 222, in _call_with_frames_removed
  File "./utils/fdfs/storage.py", line 3, in <module>
    from fdfs_client.client import Fdfs_client
  File "/home/hnz/.virtualenvs/pytest/lib/python3.5/site-packages/fdfs_client/client.py", line 11, in <module>
    from fdfs_client.tracker_client import *
  File "/home/hnz/.virtualenvs/pytest/lib/python3.5/site-packages/fdfs_client/tracker_client.py", line 17, in <module>
    from fdfs_client.utils import *
  File "/home/hnz/.virtualenvs/pytest/lib/python3.5/site-packages/fdfs_client/utils.py", line 10, in <module>
    from requests.compat import basestring
ImportError: No module named 'requests'

During handling of the above exception, another exception occurred:

Traceback (most recent call last):
  File "/home/hnz/.virtualenvs/pytest/lib/python3.5/site-packages/django/core/handlers/wsgi.py", line 189, in __call__
    response = self.get_response(request)
  File "/home/hnz/.virtualenvs/pytest/lib/python3.5/site-packages/django/core/handlers/base.py", line 218, in get_response
    response = self.handle_uncaught_exception(request, resolver, sys.exc_info())
  File "/home/hnz/.virtualenvs/pytest/lib/python3.5/site-packages/django/core/handlers/base.py", line 261, in handle_uncaught_exception
    return debug.technical_500_response(request, *exc_info)
  File "/home/hnz/.virtualenvs/pytest/lib/python3.5/site-packages/django/views/debug.py", line 97, in technical_500_response
    html = reporter.get_traceback_html()
  File "/home/hnz/.virtualenvs/pytest/lib/python3.5/site-packages/django/views/debug.py", line 383, in get_traceback_html
    c = Context(self.get_traceback_data(), use_l10n=False)
  File "/home/hnz/.virtualenvs/pytest/lib/python3.5/site-packages/django/views/debug.py", line 328, in get_traceback_data
    frames = self.get_traceback_frames()
  File "/home/hnz/.virtualenvs/pytest/lib/python3.5/site-packages/django/views/debug.py", line 501, in get_traceback_frames
    'vars': self.filter.get_traceback_frame_variables(self.request, tb.tb_frame),
  File "/home/hnz/.virtualenvs/pytest/lib/python3.5/site-packages/django/views/debug.py", line 234, in get_traceback_frame_variables
    cleansed[name] = self.cleanse_special_types(request, value)
  File "/home/hnz/.virtualenvs/pytest/lib/python3.5/site-packages/django/views/debug.py", line 189, in cleanse_special_types
    if isinstance(value, HttpRequest):
  File "/home/hnz/.virtualenvs/pytest/lib/python3.5/site-packages/django/utils/functional.py", line 226, in inner
    self._setup()
  File "/home/hnz/.virtualenvs/pytest/lib/python3.5/site-packages/django/core/files/storage.py", line 334, in _setup
    self._wrapped = get_storage_class()()
  File "/home/hnz/.virtualenvs/pytest/lib/python3.5/site-packages/django/core/files/storage.py", line 329, in get_storage_class
    return import_string(import_path or settings.DEFAULT_FILE_STORAGE)
  File "/home/hnz/.virtualenvs/pytest/lib/python3.5/site-packages/django/utils/module_loading.py", line 26, in import_string
    module = import_module(module_path)
  File "/home/hnz/.virtualenvs/pytest/lib/python3.5/importlib/__init__.py", line 126, in import_module
    return _bootstrap._gcd_import(name[level:], package, level)
  File "<frozen importlib._bootstrap>", line 986, in _gcd_import
  File "<frozen importlib._bootstrap>", line 969, in _find_and_load
  File "<frozen importlib._bootstrap>", line 958, in _find_and_load_unlocked
  File "<frozen importlib._bootstrap>", line 673, in _load_unlocked
  File "<frozen importlib._bootstrap_external>", line 665, in exec_module
  File "<frozen importlib._bootstrap>", line 222, in _call_with_frames_removed
  File "./utils/fdfs/storage.py", line 3, in <module>
    from fdfs_client.client import Fdfs_client
  File "/home/hnz/.virtualenvs/pytest/lib/python3.5/site-packages/fdfs_client/client.py", line 11, in <module>
    from fdfs_client.tracker_client import *
  File "/home/hnz/.virtualenvs/pytest/lib/python3.5/site-packages/fdfs_client/tracker_client.py", line 17, in <module>
    from fdfs_client.utils import *
  File "/home/hnz/.virtualenvs/pytest/lib/python3.5/site-packages/fdfs_client/utils.py", line 10, in <module>
    from requests.compat import basestring
ImportError: No module named 'requests'
[pid: 3541|app: 0|req: 1/1] 127.0.0.1 () {42 vars in 773 bytes} [Sun May 26 20:23:43 2019] GET /index => generated 0 bytes in 1202 msecs (HTTP/1.1 500) 0 headers in 0 bytes (0 switches on core 0)
SIGINT/SIGQUIT received...killing workers...
worker 1 buried after 1 seconds
worker 2 buried after 1 seconds
worker 3 buried after 1 seconds
worker 4 buried after 1 seconds
goodbye to uWSGI.
*** Starting uWSGI 2.0.18 (64bit) on [Sun May 26 20:25:37 2019] ***
compiled with version: 5.4.0 20160609 on 25 May 2019 05:17:46
os: Linux-4.15.0-50-generic #54~16.04.1-Ubuntu SMP Wed May 8 15:55:19 UTC 2019
nodename: hnz-virtual-machine
machine: x86_64
clock source: unix
pcre jit disabled
detected number of CPU cores: 4
current working directory: /home/hnz/py/dailyfresh
writing pidfile to uwsgi.pid
detected binary path: /home/hnz/.virtualenvs/pytest/bin/uwsgi
chdir() to /home/hnz/py/dailyfresh
your processes number limit is 7643
your memory page size is 4096 bytes
detected max file descriptor number: 1048576
lock engine: pthread robust mutexes
thunder lock: disabled (you can enable it with --thunder-lock)
uwsgi socket 0 bound to TCP address 127.0.0.1:8080 fd 3
Python version: 3.5.2 (default, Nov 12 2018, 13:43:14)  [GCC 5.4.0 20160609]
Set PythonHome to /home/hnz/.virtualenvs/pytest
Python main interpreter initialized at 0x152f680
python threads support enabled
your server socket listen backlog is limited to 100 connections
your mercy for graceful operations on workers is 60 seconds
mapped 416880 bytes (407 KB) for 8 cores
*** Operational MODE: preforking+threaded ***
WSGI app 0 (mountpoint='') ready in 1 seconds on interpreter 0x152f680 pid: 3616 (default app)
*** uWSGI is running in multiple interpreter mode ***
spawned uWSGI master process (pid: 3616)
spawned uWSGI worker 1 (pid: 3618, cores: 2)
spawned uWSGI worker 2 (pid: 3619, cores: 2)
spawned uWSGI worker 3 (pid: 3622, cores: 2)
spawned uWSGI worker 4 (pid: 3624, cores: 2)
/home/hnz/.virtualenvs/pytest/lib/python3.5/site-packages/django_redis/__init__.py:10: RemovedInDjango19Warning: 'get_cache' is deprecated in favor of 'caches'.
  cache = get_cache(alias)

[pid: 3624|app: 0|req: 1/1] 127.0.0.1 () {42 vars in 773 bytes} [Sun May 26 20:25:41 2019] GET /index => generated 13143 bytes in 2423 msecs (HTTP/1.1 200) 3 headers in 102 bytes (1 switches on core 0)
[pid: 3624|app: 0|req: 2/2] 192.168.31.195 () {38 vars in 651 bytes} [Sun May 26 20:26:35 2019] GET / => generated 3014 bytes in 11 msecs (HTTP/1.1 404) 2 headers in 80 bytes (1 switches on core 1)
[pid: 3622|app: 0|req: 1/3] 192.168.31.195 () {38 vars in 629 bytes} [Sun May 26 20:26:37 2019] GET /favicon.ico => generated 3047 bytes in 462 msecs (HTTP/1.1 404) 2 headers in 80 bytes (1 switches on core 0)
[pid: 3624|app: 0|req: 3/4] 192.168.31.195 () {38 vars in 661 bytes} [Sun May 26 20:26:44 2019] GET /index => generated 13136 bytes in 374 msecs (HTTP/1.1 200) 3 headers in 102 bytes (1 switches on core 0)
SIGINT/SIGQUIT received...killing workers...
worker 1 buried after 1 seconds
worker 2 buried after 1 seconds
worker 3 buried after 1 seconds
worker 4 buried after 1 seconds
goodbye to uWSGI.
*** Starting uWSGI 2.0.18 (64bit) on [Sun May 26 20:27:25 2019] ***
compiled with version: 5.4.0 20160609 on 25 May 2019 05:17:46
os: Linux-4.15.0-50-generic #54~16.04.1-Ubuntu SMP Wed May 8 15:55:19 UTC 2019
nodename: hnz-virtual-machine
machine: x86_64
clock source: unix
pcre jit disabled
detected number of CPU cores: 4
current working directory: /home/hnz/py/dailyfresh
writing pidfile to uwsgi.pid
detected binary path: /home/hnz/.virtualenvs/pytest/bin/uwsgi
chdir() to /home/hnz/py/dailyfresh
your processes number limit is 7643
your memory page size is 4096 bytes
detected max file descriptor number: 1048576
lock engine: pthread robust mutexes
thunder lock: disabled (you can enable it with --thunder-lock)
uwsgi socket 0 bound to TCP address 127.0.0.1:8080 fd 3
Python version: 3.5.2 (default, Nov 12 2018, 13:43:14)  [GCC 5.4.0 20160609]
Set PythonHome to /home/hnz/.virtualenvs/pytest
Python main interpreter initialized at 0x2516680
python threads support enabled
your server socket listen backlog is limited to 100 connections
your mercy for graceful operations on workers is 60 seconds
mapped 416880 bytes (407 KB) for 8 cores
*** Operational MODE: preforking+threaded ***
WSGI app 0 (mountpoint='') ready in 1 seconds on interpreter 0x2516680 pid: 3723 (default app)
*** uWSGI is running in multiple interpreter mode ***
spawned uWSGI master process (pid: 3723)
spawned uWSGI worker 1 (pid: 3725, cores: 2)
spawned uWSGI worker 2 (pid: 3727, cores: 2)
spawned uWSGI worker 3 (pid: 3729, cores: 2)
spawned uWSGI worker 4 (pid: 3731, cores: 2)
[pid: 3731|app: 0|req: 1/1] 192.168.31.195 () {40 vars in 692 bytes} [Sun May 26 20:27:28 2019] GET /index => generated 13136 bytes in 852 msecs (HTTP/1.1 200) 3 headers in 102 bytes (1 switches on core 0)
[pid: 3729|app: 0|req: 1/2] 192.168.31.195 () {40 vars in 707 bytes} [Sun May 26 20:27:40 2019] GET /goods/1 => generated 9446 bytes in 1686 msecs (HTTP/1.1 200) 4 headers in 224 bytes (1 switches on core 0)
[pid: 3731|app: 0|req: 2/3] 192.168.31.195 () {40 vars in 718 bytes} [Sun May 26 20:27:57 2019] GET /index => generated 13136 bytes in 281 msecs (HTTP/1.1 200) 3 headers in 102 bytes (1 switches on core 1)
[pid: 3731|app: 0|req: 3/4] 192.168.31.195 () {42 vars in 749 bytes} [Sun May 26 21:07:43 2019] GET /index => generated 13136 bytes in 7623 msecs (HTTP/1.1 200) 3 headers in 102 bytes (1 switches on core 0)
[pid: 3731|app: 0|req: 4/5] 192.168.31.195 () {40 vars in 718 bytes} [Sun May 26 21:09:23 2019] GET /admin => generated 0 bytes in 1 msecs (HTTP/1.1 301) 3 headers in 142 bytes (1 switches on core 1)
[pid: 3731|app: 0|req: 5/6] 192.168.31.195 () {40 vars in 720 bytes} [Sun May 26 21:09:23 2019] GET /admin/ => generated 0 bytes in 199 msecs (HTTP/1.1 302) 7 headers in 275 bytes (1 switches on core 1)
[pid: 3731|app: 0|req: 6/7] 192.168.31.195 () {40 vars in 757 bytes} [Sun May 26 21:09:23 2019] GET /admin/login/?next=/admin/ => generated 1917 bytes in 388 msecs (HTTP/1.1 200) 7 headers in 336 bytes (1 switches on core 0)
[pid: 3731|app: 0|req: 7/8] 192.168.31.195 () {50 vars in 1000 bytes} [Sun May 26 21:09:30 2019] POST /admin/login/?next=/admin/ => generated 0 bytes in 661 msecs (HTTP/1.1 302) 9 headers in 509 bytes (1 switches on core 1)
[pid: 3731|app: 0|req: 8/9] 192.168.31.195 () {44 vars in 857 bytes} [Sun May 26 21:09:31 2019] GET /admin/ => generated 4637 bytes in 471 msecs (HTTP/1.1 200) 6 headers in 214 bytes (1 switches on core 0)
[pid: 3731|app: 0|req: 9/10] 192.168.31.195 () {42 vars in 861 bytes} [Sun May 26 21:09:42 2019] GET /admin/goods/indexpromotionbanner/ => generated 4738 bytes in 303 msecs (HTTP/1.1 200) 7 headers in 336 bytes (1 switches on core 1)
[pid: 3725|app: 0|req: 1/11] 192.168.31.195 () {40 vars in 731 bytes} [Sun May 26 21:09:42 2019] GET /admin/jsi18n/ => generated 6776 bytes in 1079 msecs (HTTP/1.1 200) 3 headers in 93 bytes (1 switches on core 0)
[pid: 3729|app: 0|req: 2/12] 192.168.31.195 () {42 vars in 892 bytes} [Sun May 26 21:09:45 2019] GET /admin/goods/indexpromotionbanner/2/ => generated 6390 bytes in 303 msecs (HTTP/1.1 200) 7 headers in 336 bytes (1 switches on core 1)
[pid: 3727|app: 0|req: 1/13] 192.168.31.195 () {40 vars in 733 bytes} [Sun May 26 21:09:45 2019] GET /admin/jsi18n/ => generated 6776 bytes in 798 msecs (HTTP/1.1 200) 3 headers in 93 bytes (1 switches on core 0)
[pid: 3727|app: 0|req: 2/14] 192.168.31.195 () {44 vars in 945 bytes} [Sun May 26 21:10:20 2019] GET /admin/goods/indexpromotionbanner/ => generated 4738 bytes in 7044 msecs (HTTP/1.1 200) 7 headers in 336 bytes (1 switches on core 1)
[pid: 3731|app: 0|req: 10/15] 192.168.31.195 () {40 vars in 731 bytes} [Sun May 26 21:10:27 2019] GET /admin/jsi18n/ => generated 6776 bytes in 5534 msecs (HTTP/1.1 200) 3 headers in 93 bytes (1 switches on core 0)
[pid: 3725|app: 0|req: 2/16] 192.168.31.195 () {40 vars in 752 bytes} [Sun May 26 21:10:54 2019] GET / => generated 74 bytes in 37 msecs (HTTP/1.1 404) 2 headers in 80 bytes (1 switches on core 1)
设置缓存
[pid: 3731|app: 0|req: 11/17] 192.168.31.195 () {40 vars in 762 bytes} [Sun May 26 21:10:59 2019] GET /index => generated 13143 bytes in 522 msecs (HTTP/1.1 200) 3 headers in 102 bytes (1 switches on core 1)
[pid: 3731|app: 0|req: 12/18] 192.168.31.195 () {42 vars in 846 bytes} [Sun May 26 21:11:51 2019] GET /admin/goods/ => generated 3824 bytes in 63 msecs (HTTP/1.1 200) 6 headers in 214 bytes (1 switches on core 0)
[pid: 3729|app: 0|req: 3/19] 192.168.31.195 () {42 vars in 867 bytes} [Sun May 26 21:11:54 2019] GET /admin/goods/indextypegoodsbanner/ => generated 13019 bytes in 161 msecs (HTTP/1.1 200) 7 headers in 336 bytes (1 switches on core 0)
[pid: 3731|app: 0|req: 13/20] 192.168.31.195 () {40 vars in 731 bytes} [Sun May 26 21:11:55 2019] GET /admin/jsi18n/ => generated 6776 bytes in 124 msecs (HTTP/1.1 200) 3 headers in 93 bytes (1 switches on core 1)
[pid: 3731|app: 0|req: 14/21] 192.168.31.195 () {44 vars in 901 bytes} [Sun May 26 21:11:57 2019] GET /admin/goods/ => generated 3824 bytes in 111 msecs (HTTP/1.1 200) 6 headers in 214 bytes (1 switches on core 0)
[pid: 3729|app: 0|req: 4/22] 192.168.31.195 () {42 vars in 859 bytes} [Sun May 26 21:11:58 2019] GET /admin/goods/indexgoodsbanner/ => generated 5194 bytes in 208 msecs (HTTP/1.1 200) 7 headers in 336 bytes (1 switches on core 1)
[pid: 3729|app: 0|req: 5/23] 192.168.31.195 () {40 vars in 727 bytes} [Sun May 26 21:11:58 2019] GET /admin/jsi18n/ => generated 6776 bytes in 33 msecs (HTTP/1.1 200) 3 headers in 93 bytes (1 switches on core 0)
[pid: 3725|app: 0|req: 3/24] 192.168.31.195 () {42 vars in 880 bytes} [Sun May 26 21:12:00 2019] GET /admin/goods/indexgoodsbanner/4/ => generated 7309 bytes in 295 msecs (HTTP/1.1 200) 7 headers in 336 bytes (1 switches on core 0)
[pid: 3725|app: 0|req: 4/25] 192.168.31.195 () {40 vars in 729 bytes} [Sun May 26 21:12:00 2019] GET /admin/jsi18n/ => generated 6776 bytes in 121 msecs (HTTP/1.1 200) 3 headers in 93 bytes (1 switches on core 1)
getting connection
<fdfs_client.connection.Connection object at 0x7f0aba08e240>
<fdfs_client.fdfs_protol.Tracker_header object at 0x7f0aba08e1d0>
[pid: 3729|app: 0|req: 6/26] 192.168.31.195 () {50 vars in 1139 bytes} [Sun May 26 21:13:02 2019] POST /admin/goods/indexgoodsbanner/4/ => generated 27 bytes in 8035 msecs (HTTP/1.1 500) 3 headers in 106 bytes (1 switches on core 1)
getting connection
<fdfs_client.connection.Connection object at 0x7f0aba0d17f0>
<fdfs_client.fdfs_protol.Tracker_header object at 0x7f0aba0d1470>
[pid: 3731|app: 0|req: 15/27] 192.168.31.195 () {50 vars in 1139 bytes} [Sun May 26 21:13:16 2019] POST /admin/goods/indexgoodsbanner/4/ => generated 27 bytes in 11207 msecs (HTTP/1.1 500) 3 headers in 106 bytes (1 switches on core 0)
getting connection
<fdfs_client.connection.Connection object at 0x7f0aba3bbbe0>
<fdfs_client.fdfs_protol.Tracker_header object at 0x7f0aba3bb860>
[pid: 3727|app: 0|req: 3/28] 192.168.31.195 () {50 vars in 1139 bytes} [Sun May 26 21:13:31 2019] POST /admin/goods/indexgoodsbanner/4/ => generated 27 bytes in 318 msecs (HTTP/1.1 500) 3 headers in 106 bytes (1 switches on core 0)
getting connection
<fdfs_client.connection.Connection object at 0x7f0ab9f8b7b8>
<fdfs_client.fdfs_protol.Tracker_header object at 0x7f0ab9f8b160>
[pid: 3729|app: 0|req: 7/29] 192.168.31.195 () {50 vars in 1139 bytes} [Sun May 26 21:13:51 2019] POST /admin/goods/indexgoodsbanner/4/ => generated 27 bytes in 128 msecs (HTTP/1.1 500) 3 headers in 106 bytes (1 switches on core 0)
[pid: 3725|app: 0|req: 5/30] 127.0.0.1 () {40 vars in 742 bytes} [Sun May 26 21:15:04 2019] GET /index => generated 13143 bytes in 2257 msecs (HTTP/1.1 200) 3 headers in 102 bytes (1 switches on core 0)
[pid: 3731|app: 0|req: 16/31] 127.0.0.1 () {40 vars in 742 bytes} [Sun May 26 21:15:20 2019] GET /admin => generated 0 bytes in 2 msecs (HTTP/1.1 301) 3 headers in 138 bytes (1 switches on core 1)
[pid: 3731|app: 0|req: 17/32] 127.0.0.1 () {40 vars in 744 bytes} [Sun May 26 21:15:20 2019] GET /admin/ => generated 4637 bytes in 423 msecs (HTTP/1.1 200) 6 headers in 214 bytes (1 switches on core 1)
[pid: 3731|app: 0|req: 18/33] 127.0.0.1 () {42 vars in 829 bytes} [Sun May 26 21:15:23 2019] GET /admin/goods/indexgoodsbanner/ => generated 5194 bytes in 473 msecs (HTTP/1.1 200) 7 headers in 336 bytes (1 switches on core 0)
[pid: 3727|app: 0|req: 4/34] 127.0.0.1 () {40 vars in 725 bytes} [Sun May 26 21:15:24 2019] GET /admin/jsi18n/ => generated 6776 bytes in 411 msecs (HTTP/1.1 200) 3 headers in 93 bytes (1 switches on core 1)
[pid: 3731|app: 0|req: 19/35] 127.0.0.1 () {42 vars in 856 bytes} [Sun May 26 21:15:28 2019] GET /admin/goods/indexgoodsbanner/4/ => generated 7309 bytes in 655 msecs (HTTP/1.1 200) 7 headers in 336 bytes (1 switches on core 1)
[pid: 3727|app: 0|req: 5/36] 127.0.0.1 () {40 vars in 727 bytes} [Sun May 26 21:15:28 2019] GET /admin/jsi18n/ => generated 6776 bytes in 97 msecs (HTTP/1.1 200) 3 headers in 93 bytes (1 switches on core 0)
getting connection
<fdfs_client.connection.Connection object at 0x7f0ab9de8a90>
<fdfs_client.fdfs_protol.Tracker_header object at 0x7f0ab9de86d8>
[pid: 3731|app: 0|req: 20/37] 127.0.0.1 () {46 vars in 1085 bytes} [Sun May 26 21:19:15 2019] POST /admin/goods/indexgoodsbanner/4/ => generated 27 bytes in 954 msecs (HTTP/1.1 500) 3 headers in 106 bytes (1 switches on core 0)
getting connection
<fdfs_client.connection.Connection object at 0x7f0ab9f8b978>
<fdfs_client.fdfs_protol.Tracker_header object at 0x7f0ab9f8bb00>
[pid: 3729|app: 0|req: 8/38] 127.0.0.1 () {48 vars in 1116 bytes} [Sun May 26 21:20:10 2019] POST /admin/goods/indexgoodsbanner/4/ => generated 27 bytes in 242 msecs (HTTP/1.1 500) 3 headers in 106 bytes (1 switches on core 1)
getting connection
<fdfs_client.connection.Connection object at 0x7f0aba20a710>
<fdfs_client.fdfs_protol.Tracker_header object at 0x7f0aba20a390>
[pid: 3725|app: 0|req: 6/39] 127.0.0.1 () {46 vars in 1085 bytes} [Sun May 26 21:31:29 2019] POST /admin/goods/indexgoodsbanner/4/ => generated 27 bytes in 1650 msecs (HTTP/1.1 500) 3 headers in 106 bytes (1 switches on core 1)
[pid: 3731|app: 0|req: 21/40] 127.0.0.1 () {42 vars in 799 bytes} [Sun May 26 21:32:44 2019] GET /admin/ => generated 4637 bytes in 507 msecs (HTTP/1.1 200) 6 headers in 214 bytes (1 switches on core 0)
[pid: 3731|app: 0|req: 22/41] 127.0.0.1 () {44 vars in 884 bytes} [Sun May 26 21:32:50 2019] GET /admin/goods/indexgoodsbanner/ => generated 5194 bytes in 368 msecs (HTTP/1.1 200) 7 headers in 336 bytes (1 switches on core 1)
[pid: 3731|app: 0|req: 23/42] 127.0.0.1 () {40 vars in 725 bytes} [Sun May 26 21:32:51 2019] GET /admin/jsi18n/ => generated 6776 bytes in 343 msecs (HTTP/1.1 200) 3 headers in 93 bytes (1 switches on core 0)
[pid: 3729|app: 0|req: 9/43] 127.0.0.1 () {42 vars in 856 bytes} [Sun May 26 21:32:54 2019] GET /admin/goods/indexgoodsbanner/3/ => generated 7309 bytes in 416 msecs (HTTP/1.1 200) 7 headers in 336 bytes (1 switches on core 1)
[pid: 3729|app: 0|req: 10/44] 127.0.0.1 () {40 vars in 727 bytes} [Sun May 26 21:32:54 2019] GET /admin/jsi18n/ => generated 6776 bytes in 81 msecs (HTTP/1.1 200) 3 headers in 93 bytes (1 switches on core 0)
[pid: 3731|app: 0|req: 24/45] 127.0.0.1 () {44 vars in 909 bytes} [Sun May 26 21:33:01 2019] GET /admin/goods/indexgoodsbanner/ => generated 5194 bytes in 152 msecs (HTTP/1.1 200) 7 headers in 336 bytes (1 switches on core 1)
[pid: 3731|app: 0|req: 25/46] 127.0.0.1 () {40 vars in 725 bytes} [Sun May 26 21:33:01 2019] GET /admin/jsi18n/ => generated 6776 bytes in 39 msecs (HTTP/1.1 200) 3 headers in 93 bytes (1 switches on core 0)
[pid: 3725|app: 0|req: 7/47] 127.0.0.1 () {42 vars in 856 bytes} [Sun May 26 21:33:03 2019] GET /admin/goods/indexgoodsbanner/1/ => generated 7309 bytes in 248 msecs (HTTP/1.1 200) 7 headers in 336 bytes (1 switches on core 0)
[pid: 3731|app: 0|req: 26/48] 127.0.0.1 () {40 vars in 727 bytes} [Sun May 26 21:33:03 2019] GET /admin/jsi18n/ => generated 6776 bytes in 119 msecs (HTTP/1.1 200) 3 headers in 93 bytes (1 switches on core 1)
getting connection
<fdfs_client.connection.Connection object at 0x7f0ab9e0c0b8>
<fdfs_client.fdfs_protol.Tracker_header object at 0x7f0ab9e0cfd0>
[pid: 3731|app: 0|req: 27/49] 127.0.0.1 () {46 vars in 1085 bytes} [Sun May 26 21:33:22 2019] POST /admin/goods/indexgoodsbanner/1/ => generated 27 bytes in 473 msecs (HTTP/1.1 500) 3 headers in 106 bytes (1 switches on core 0)
*** Starting uWSGI 2.0.18 (64bit) on [Sun May 26 22:21:06 2019] ***
compiled with version: 5.4.0 20160609 on 25 May 2019 05:17:46
os: Linux-4.15.0-50-generic #54~16.04.1-Ubuntu SMP Wed May 8 15:55:19 UTC 2019
nodename: hnz-virtual-machine
machine: x86_64
clock source: unix
pcre jit disabled
detected number of CPU cores: 4
current working directory: /home/hnz/py/dailyfresh
writing pidfile to uwsgi.pid
detected binary path: /home/hnz/.virtualenvs/pytest/bin/uwsgi
chdir() to /home/hnz/py/dailyfresh
your processes number limit is 7643
your memory page size is 4096 bytes
detected max file descriptor number: 1048576
lock engine: pthread robust mutexes
thunder lock: disabled (you can enable it with --thunder-lock)
uwsgi socket 0 bound to TCP address 127.0.0.1:8080 fd 3
Python version: 3.5.2 (default, Nov 12 2018, 13:43:14)  [GCC 5.4.0 20160609]
Set PythonHome to /home/hnz/.virtualenvs/pytest
Python main interpreter initialized at 0x1ed9710
python threads support enabled
your server socket listen backlog is limited to 100 connections
your mercy for graceful operations on workers is 60 seconds
mapped 416880 bytes (407 KB) for 8 cores
*** Operational MODE: preforking+threaded ***
WSGI app 0 (mountpoint='') ready in 8 seconds on interpreter 0x1ed9710 pid: 2615 (default app)
*** uWSGI is running in multiple interpreter mode ***
spawned uWSGI master process (pid: 2615)
spawned uWSGI worker 1 (pid: 2624, cores: 2)
spawned uWSGI worker 2 (pid: 2625, cores: 2)
spawned uWSGI worker 3 (pid: 2627, cores: 2)
spawned uWSGI worker 4 (pid: 2628, cores: 2)
设置缓存
[pid: 2624|app: 0|req: 1/1] 127.0.0.1 () {42 vars in 773 bytes} [Sun May 26 22:21:15 2019] GET /index => generated 13143 bytes in 10970 msecs (HTTP/1.1 200) 3 headers in 102 bytes (1 switches on core 0)
[pid: 2625|app: 0|req: 1/2] 127.0.0.1 () {42 vars in 799 bytes} [Sun May 26 22:21:48 2019] GET /admin/ => generated 4637 bytes in 7072 msecs (HTTP/1.1 200) 6 headers in 214 bytes (1 switches on core 0)
[pid: 2627|app: 0|req: 1/3] 127.0.0.1 () {44 vars in 884 bytes} [Sun May 26 22:21:58 2019] GET /admin/goods/indexgoodsbanner/ => generated 5194 bytes in 827 msecs (HTTP/1.1 200) 7 headers in 336 bytes (1 switches on core 0)
[pid: 2625|app: 0|req: 2/4] 127.0.0.1 () {40 vars in 725 bytes} [Sun May 26 22:21:59 2019] GET /admin/jsi18n/ => generated 6776 bytes in 854 msecs (HTTP/1.1 200) 3 headers in 93 bytes (1 switches on core 1)
[pid: 2624|app: 0|req: 2/5] 127.0.0.1 () {42 vars in 856 bytes} [Sun May 26 22:22:04 2019] GET /admin/goods/indexgoodsbanner/1/ => generated 7309 bytes in 566 msecs (HTTP/1.1 200) 7 headers in 336 bytes (1 switches on core 1)
[pid: 2628|app: 0|req: 1/6] 127.0.0.1 () {40 vars in 727 bytes} [Sun May 26 22:22:04 2019] GET /admin/jsi18n/ => generated 6776 bytes in 1943 msecs (HTTP/1.1 200) 3 headers in 93 bytes (1 switches on core 0)
[-] Error: 101 connect to 192.168.31.89:22122. Network is unreachable.
[-] Error: 101 connect to 192.168.31.89:22122. Network is unreachable.
[-] Error: 101 connect to 192.168.31.89:22122. Network is unreachable.
[-] Error: 101 connect to 192.168.31.89:22122. Network is unreachable.
[-] Error: 101 connect to 192.168.31.89:22122. Network is unreachable.
[-] Error: 101 connect to 192.168.31.89:22122. Network is unreachable.
[-] Error: 101 connect to 192.168.31.89:22122. Network is unreachable.
[-] Error: 101 connect to 192.168.31.89:22122. Network is unreachable.
[-] Error: 101 connect to 192.168.31.89:22122. Network is unreachable.
[-] Error: 101 connect to 192.168.31.89:22122. Network is unreachable.
DAMN ! worker 4 (pid: 2628) died :( trying respawn ...
Respawned uWSGI worker 4 (new pid: 2857)
SIGINT/SIGQUIT received...killing workers...
worker 1 buried after 1 seconds
worker 2 buried after 1 seconds
worker 3 buried after 1 seconds
worker 4 buried after 1 seconds
goodbye to uWSGI.
*** Starting uWSGI 2.0.18 (64bit) on [Sun May 26 22:27:47 2019] ***
compiled with version: 5.4.0 20160609 on 25 May 2019 05:17:46
os: Linux-4.15.0-50-generic #54~16.04.1-Ubuntu SMP Wed May 8 15:55:19 UTC 2019
nodename: hnz-virtual-machine
machine: x86_64
clock source: unix
pcre jit disabled
detected number of CPU cores: 4
current working directory: /home/hnz/py/dailyfresh
writing pidfile to uwsgi.pid
detected binary path: /home/hnz/.virtualenvs/pytest/bin/uwsgi
chdir() to /home/hnz/py/dailyfresh
your processes number limit is 7643
your memory page size is 4096 bytes
detected max file descriptor number: 1048576
lock engine: pthread robust mutexes
thunder lock: disabled (you can enable it with --thunder-lock)
uwsgi socket 0 bound to TCP address 127.0.0.1:8080 fd 3
Python version: 3.5.2 (default, Nov 12 2018, 13:43:14)  [GCC 5.4.0 20160609]
Set PythonHome to /home/hnz/.virtualenvs/pytest
Python main interpreter initialized at 0x145f710
python threads support enabled
your server socket listen backlog is limited to 100 connections
your mercy for graceful operations on workers is 60 seconds
mapped 416880 bytes (407 KB) for 8 cores
*** Operational MODE: preforking+threaded ***
WSGI app 0 (mountpoint='') ready in 7 seconds on interpreter 0x145f710 pid: 2939 (default app)
*** uWSGI is running in multiple interpreter mode ***
spawned uWSGI master process (pid: 2939)
spawned uWSGI worker 1 (pid: 2944, cores: 2)
spawned uWSGI worker 2 (pid: 2945, cores: 2)
spawned uWSGI worker 3 (pid: 2948, cores: 2)
spawned uWSGI worker 4 (pid: 2949, cores: 2)
[pid: 2944|app: 0|req: 1/1] 127.0.0.1 () {42 vars in 856 bytes} [Sun May 26 22:27:54 2019] GET /admin/goods/indexgoodsbanner/1/ => generated 7309 bytes in 3436 msecs (HTTP/1.1 200) 7 headers in 336 bytes (1 switches on core 0)
[pid: 2948|app: 0|req: 1/2] 127.0.0.1 () {42 vars in 758 bytes} [Sun May 26 22:27:57 2019] GET /admin/jsi18n/ => generated 6776 bytes in 806 msecs (HTTP/1.1 200) 3 headers in 93 bytes (1 switches on core 0)
[pid: 2945|app: 0|req: 1/3] 127.0.0.1 () {42 vars in 773 bytes} [Sun May 26 22:27:57 2019] GET /index => generated 13143 bytes in 1190 msecs (HTTP/1.1 200) 3 headers in 102 bytes (1 switches on core 0)
[pid: 2944|app: 0|req: 2/4] 127.0.0.1 () {46 vars in 1083 bytes} [Sun May 26 22:28:05 2019] POST /admin/goods/indexgoodsbanner/1/ => generated 27 bytes in 453 msecs (HTTP/1.1 500) 3 headers in 106 bytes (1 switches on core 1)
[pid: 2949|app: 0|req: 1/5] 127.0.0.1 () {42 vars in 799 bytes} [Sun May 26 22:28:23 2019] GET /admin/ => generated 4637 bytes in 873 msecs (HTTP/1.1 200) 6 headers in 214 bytes (1 switches on core 0)
[pid: 2949|app: 0|req: 2/6] 127.0.0.1 () {44 vars in 884 bytes} [Sun May 26 22:28:26 2019] GET /admin/goods/indexgoodsbanner/ => generated 5194 bytes in 1530 msecs (HTTP/1.1 200) 7 headers in 336 bytes (1 switches on core 1)
[pid: 2948|app: 0|req: 2/7] 127.0.0.1 () {40 vars in 725 bytes} [Sun May 26 22:28:27 2019] GET /admin/jsi18n/ => generated 6776 bytes in 787 msecs (HTTP/1.1 200) 3 headers in 93 bytes (1 switches on core 1)
[pid: 2944|app: 0|req: 3/8] 127.0.0.1 () {42 vars in 856 bytes} [Sun May 26 22:28:31 2019] GET /admin/goods/indexgoodsbanner/2/ => generated 7309 bytes in 122 msecs (HTTP/1.1 200) 7 headers in 336 bytes (1 switches on core 0)
[pid: 2949|app: 0|req: 3/9] 127.0.0.1 () {40 vars in 727 bytes} [Sun May 26 22:28:31 2019] GET /admin/jsi18n/ => generated 6776 bytes in 39 msecs (HTTP/1.1 200) 3 headers in 93 bytes (1 switches on core 0)
[pid: 2944|app: 0|req: 4/10] 127.0.0.1 () {44 vars in 909 bytes} [Sun May 26 22:28:33 2019] GET /admin/goods/indexgoodsbanner/ => generated 5194 bytes in 398 msecs (HTTP/1.1 200) 7 headers in 336 bytes (1 switches on core 1)
[pid: 2945|app: 0|req: 2/11] 127.0.0.1 () {40 vars in 725 bytes} [Sun May 26 22:28:33 2019] GET /admin/jsi18n/ => generated 6776 bytes in 106 msecs (HTTP/1.1 200) 3 headers in 93 bytes (1 switches on core 1)
[pid: 2948|app: 0|req: 3/12] 127.0.0.1 () {42 vars in 856 bytes} [Sun May 26 22:28:35 2019] GET /admin/goods/indexgoodsbanner/1/ => generated 7309 bytes in 351 msecs (HTTP/1.1 200) 7 headers in 336 bytes (1 switches on core 0)
[pid: 2944|app: 0|req: 5/13] 127.0.0.1 () {40 vars in 727 bytes} [Sun May 26 22:28:35 2019] GET /admin/jsi18n/ => generated 6776 bytes in 51 msecs (HTTP/1.1 200) 3 headers in 93 bytes (1 switches on core 0)
[pid: 2949|app: 0|req: 4/14] 127.0.0.1 () {46 vars in 1087 bytes} [Sun May 26 22:28:52 2019] POST /admin/goods/indexgoodsbanner/1/ => generated 27 bytes in 342 msecs (HTTP/1.1 500) 3 headers in 106 bytes (1 switches on core 1)
[pid: 2949|app: 0|req: 5/15] 127.0.0.1 () {42 vars in 773 bytes} [Sun May 26 22:30:14 2019] GET /index => generated 13143 bytes in 229 msecs (HTTP/1.1 200) 3 headers in 102 bytes (1 switches on core 0)
[pid: 2949|app: 0|req: 6/16] 127.0.0.1 () {42 vars in 799 bytes} [Sun May 26 22:30:29 2019] GET /admin/ => generated 4637 bytes in 127 msecs (HTTP/1.1 200) 6 headers in 214 bytes (1 switches on core 1)
[pid: 2945|app: 0|req: 3/17] 127.0.0.1 () {42 vars in 837 bytes} [Sun May 26 22:30:48 2019] GET /admin/goods/indexpromotionbanner/ => generated 4738 bytes in 164 msecs (HTTP/1.1 200) 7 headers in 336 bytes (1 switches on core 0)
[pid: 2949|app: 0|req: 7/18] 127.0.0.1 () {40 vars in 729 bytes} [Sun May 26 22:30:48 2019] GET /admin/jsi18n/ => generated 6776 bytes in 198 msecs (HTTP/1.1 200) 3 headers in 93 bytes (1 switches on core 0)
[pid: 2945|app: 0|req: 4/19] 127.0.0.1 () {42 vars in 868 bytes} [Sun May 26 22:30:50 2019] GET /admin/goods/indexpromotionbanner/1/ => generated 6390 bytes in 163 msecs (HTTP/1.1 200) 7 headers in 336 bytes (1 switches on core 1)
[pid: 2949|app: 0|req: 8/20] 127.0.0.1 () {40 vars in 731 bytes} [Sun May 26 22:30:50 2019] GET /admin/jsi18n/ => generated 6776 bytes in 55 msecs (HTTP/1.1 200) 3 headers in 93 bytes (1 switches on core 1)
[pid: 2944|app: 0|req: 6/21] 127.0.0.1 () {46 vars in 1097 bytes} [Sun May 26 22:31:00 2019] POST /admin/goods/indexpromotionbanner/1/ => generated 27 bytes in 112 msecs (HTTP/1.1 500) 3 headers in 106 bytes (1 switches on core 1)
SIGINT/SIGQUIT received...killing workers...
worker 1 buried after 1 seconds
worker 2 buried after 1 seconds
worker 3 buried after 1 seconds
worker 4 buried after 1 seconds
goodbye to uWSGI.
*** Starting uWSGI 2.0.18 (64bit) on [Sun May 26 22:35:27 2019] ***
compiled with version: 5.4.0 20160609 on 25 May 2019 05:17:46
os: Linux-4.15.0-50-generic #54~16.04.1-Ubuntu SMP Wed May 8 15:55:19 UTC 2019
nodename: hnz-virtual-machine
machine: x86_64
clock source: unix
pcre jit disabled
detected number of CPU cores: 4
current working directory: /home/hnz/py/dailyfresh
writing pidfile to uwsgi.pid
detected binary path: /home/hnz/.virtualenvs/pytest/bin/uwsgi
chdir() to /home/hnz/py/dailyfresh
your processes number limit is 7643
your memory page size is 4096 bytes
detected max file descriptor number: 1048576
lock engine: pthread robust mutexes
thunder lock: disabled (you can enable it with --thunder-lock)
uwsgi socket 0 bound to TCP address 127.0.0.1:8080 fd 3
Python version: 3.5.2 (default, Nov 12 2018, 13:43:14)  [GCC 5.4.0 20160609]
Set PythonHome to /home/hnz/.virtualenvs/pytest
Python main interpreter initialized at 0x1b49710
python threads support enabled
your server socket listen backlog is limited to 100 connections
your mercy for graceful operations on workers is 60 seconds
mapped 416880 bytes (407 KB) for 8 cores
*** Operational MODE: preforking+threaded ***
WSGI app 0 (mountpoint='') ready in 4 seconds on interpreter 0x1b49710 pid: 3201 (default app)
*** uWSGI is running in multiple interpreter mode ***
spawned uWSGI master process (pid: 3201)
spawned uWSGI worker 1 (pid: 3203, cores: 2)
spawned uWSGI worker 2 (pid: 3205, cores: 2)
spawned uWSGI worker 3 (pid: 3207, cores: 2)
spawned uWSGI worker 4 (pid: 3209, cores: 2)
/home/hnz/.virtualenvs/pytest/lib/python3.5/site-packages/django_redis/__init__.py:10: RemovedInDjango19Warning: 'get_cache' is deprecated in favor of 'caches'.
  cache = get_cache(alias)

[pid: 3203|app: 0|req: 1/1] 127.0.0.1 () {42 vars in 773 bytes} [Sun May 26 22:35:35 2019] GET /index => generated 13143 bytes in 1180 msecs (HTTP/1.1 200) 3 headers in 102 bytes (1 switches on core 0)
[pid: 3209|app: 0|req: 1/2] 127.0.0.1 () {42 vars in 799 bytes} [Sun May 26 22:35:46 2019] GET /admin/ => generated 4637 bytes in 556 msecs (HTTP/1.1 200) 6 headers in 214 bytes (1 switches on core 0)
[pid: 3203|app: 0|req: 2/3] 127.0.0.1 () {44 vars in 884 bytes} [Sun May 26 22:35:49 2019] GET /admin/goods/indexgoodsbanner/ => generated 5186 bytes in 283 msecs (HTTP/1.1 200) 7 headers in 336 bytes (1 switches on core 1)
[pid: 3205|app: 0|req: 1/4] 127.0.0.1 () {40 vars in 725 bytes} [Sun May 26 22:35:50 2019] GET /admin/jsi18n/ => generated 6776 bytes in 530 msecs (HTTP/1.1 200) 3 headers in 93 bytes (1 switches on core 0)
[pid: 3209|app: 0|req: 2/5] 127.0.0.1 () {42 vars in 856 bytes} [Sun May 26 22:35:52 2019] GET /admin/goods/indexgoodsbanner/1/ => generated 7301 bytes in 341 msecs (HTTP/1.1 200) 7 headers in 336 bytes (1 switches on core 1)
[pid: 3209|app: 0|req: 3/6] 127.0.0.1 () {40 vars in 727 bytes} [Sun May 26 22:35:52 2019] GET /admin/jsi18n/ => generated 6776 bytes in 103 msecs (HTTP/1.1 200) 3 headers in 93 bytes (1 switches on core 0)
[pid: 3205|app: 0|req: 2/7] 127.0.0.1 () {46 vars in 1083 bytes} [Sun May 26 22:36:00 2019] POST /admin/goods/indexgoodsbanner/1/ => generated 191715 bytes in 529 msecs (HTTP/1.1 500) 3 headers in 106 bytes (1 switches on core 1)
[pid: 3207|app: 0|req: 1/8] 127.0.0.1 () {42 vars in 799 bytes} [Sun May 26 22:50:58 2019] GET /admin/ => generated 4637 bytes in 4023 msecs (HTTP/1.1 200) 6 headers in 214 bytes (1 switches on core 0)
SIGINT/SIGQUIT received...killing workers...
worker 1 buried after 1 seconds
worker 2 buried after 1 seconds
worker 3 buried after 1 seconds
worker 4 buried after 1 seconds
goodbye to uWSGI.
*** Starting uWSGI 2.0.18 (64bit) on [Sun May 26 22:52:32 2019] ***
compiled with version: 5.4.0 20160609 on 25 May 2019 05:17:46
os: Linux-4.15.0-50-generic #54~16.04.1-Ubuntu SMP Wed May 8 15:55:19 UTC 2019
nodename: hnz-virtual-machine
machine: x86_64
clock source: unix
pcre jit disabled
detected number of CPU cores: 4
current working directory: /home/hnz/py/dailyfresh
writing pidfile to uwsgi.pid
detected binary path: /home/hnz/.virtualenvs/pytest/bin/uwsgi
chdir() to /home/hnz/py/dailyfresh
your processes number limit is 7643
your memory page size is 4096 bytes
detected max file descriptor number: 1048576
lock engine: pthread robust mutexes
thunder lock: disabled (you can enable it with --thunder-lock)
uwsgi socket 0 bound to TCP address 127.0.0.1:8080 fd 3
Python version: 3.5.2 (default, Nov 12 2018, 13:43:14)  [GCC 5.4.0 20160609]
Set PythonHome to /home/hnz/.virtualenvs/pytest
Python main interpreter initialized at 0xa93710
python threads support enabled
your server socket listen backlog is limited to 100 connections
your mercy for graceful operations on workers is 60 seconds
mapped 416880 bytes (407 KB) for 8 cores
*** Operational MODE: preforking+threaded ***
WSGI app 0 (mountpoint='') ready in 6 seconds on interpreter 0xa93710 pid: 3885 (default app)
*** uWSGI is running in multiple interpreter mode ***
spawned uWSGI master process (pid: 3885)
spawned uWSGI worker 1 (pid: 3889, cores: 2)
spawned uWSGI worker 2 (pid: 3891, cores: 2)
spawned uWSGI worker 3 (pid: 3893, cores: 2)
spawned uWSGI worker 4 (pid: 3895, cores: 2)
/home/hnz/.virtualenvs/pytest/lib/python3.5/site-packages/django_redis/__init__.py:10: RemovedInDjango19Warning: 'get_cache' is deprecated in favor of 'caches'.
  cache = get_cache(alias)

[pid: 3889|app: 0|req: 1/1] 127.0.0.1 () {42 vars in 773 bytes} [Sun May 26 22:52:39 2019] GET /index => generated 13287 bytes in 1732 msecs (HTTP/1.1 200) 3 headers in 102 bytes (1 switches on core 0)
[pid: 3889|app: 0|req: 2/2] 127.0.0.1 () {44 vars in 830 bytes} [Sun May 26 22:52:47 2019] GET /admin/ => generated 4637 bytes in 162 msecs (HTTP/1.1 200) 6 headers in 214 bytes (1 switches on core 1)
[pid: 3895|app: 0|req: 1/3] 127.0.0.1 () {44 vars in 884 bytes} [Sun May 26 22:52:49 2019] GET /admin/goods/indexgoodsbanner/ => generated 5186 bytes in 951 msecs (HTTP/1.1 200) 7 headers in 336 bytes (1 switches on core 0)
[pid: 3891|app: 0|req: 1/4] 127.0.0.1 () {40 vars in 725 bytes} [Sun May 26 22:52:50 2019] GET /admin/jsi18n/ => generated 6776 bytes in 679 msecs (HTTP/1.1 200) 3 headers in 93 bytes (1 switches on core 0)
[pid: 3891|app: 0|req: 2/5] 127.0.0.1 () {42 vars in 856 bytes} [Sun May 26 22:52:52 2019] GET /admin/goods/indexgoodsbanner/1/ => generated 7305 bytes in 640 msecs (HTTP/1.1 200) 7 headers in 336 bytes (1 switches on core 1)
[pid: 3893|app: 0|req: 1/6] 127.0.0.1 () {40 vars in 727 bytes} [Sun May 26 22:52:53 2019] GET /admin/jsi18n/ => generated 6776 bytes in 524 msecs (HTTP/1.1 200) 3 headers in 93 bytes (1 switches on core 0)
getting connection
<fdfs_client.connection.Connection object at 0x7f1fac825860>
<fdfs_client.fdfs_protol.Tracker_header object at 0x7f1fac8254e0>
[pid: 3893|app: 0|req: 2/7] 127.0.0.1 () {46 vars in 1081 bytes} [Sun May 26 22:53:01 2019] POST /admin/goods/indexgoodsbanner/1/ => generated 0 bytes in 1957 msecs (HTTP/1.1 302) 8 headers in 511 bytes (1 switches on core 1)
[pid: 3895|app: 0|req: 2/8] 127.0.0.1 () {42 vars in 1059 bytes} [Sun May 26 22:53:03 2019] GET /admin/goods/indexgoodsbanner/ => generated 5348 bytes in 213 msecs (HTTP/1.1 200) 8 headers in 420 bytes (1 switches on core 1)
[pid: 3889|app: 0|req: 3/9] 127.0.0.1 () {40 vars in 725 bytes} [Sun May 26 22:53:04 2019] GET /admin/jsi18n/ => generated 6776 bytes in 240 msecs (HTTP/1.1 200) 3 headers in 93 bytes (1 switches on core 0)
设置缓存
/home/hnz/.virtualenvs/pytest/lib/python3.5/site-packages/django_redis/__init__.py:10: RemovedInDjango19Warning: 'get_cache' is deprecated in favor of 'caches'.
  cache = get_cache(alias)

[pid: 3895|app: 0|req: 3/10] 127.0.0.1 () {42 vars in 773 bytes} [Sun May 26 22:53:09 2019] GET /index => generated 13287 bytes in 1483 msecs (HTTP/1.1 200) 3 headers in 102 bytes (1 switches on core 0)
[pid: 3895|app: 0|req: 4/11] 127.0.0.1 () {44 vars in 911 bytes} [Sun May 26 22:53:14 2019] GET /admin/goods/indexgoodsbanner/2/ => generated 7305 bytes in 304 msecs (HTTP/1.1 200) 7 headers in 336 bytes (1 switches on core 1)
[pid: 3893|app: 0|req: 3/12] 127.0.0.1 () {40 vars in 727 bytes} [Sun May 26 22:53:14 2019] GET /admin/jsi18n/ => generated 6776 bytes in 30 msecs (HTTP/1.1 200) 3 headers in 93 bytes (1 switches on core 0)
getting connection
<fdfs_client.connection.Connection object at 0x7f1fac54e780>
<fdfs_client.fdfs_protol.Tracker_header object at 0x7f1fac54e5c0>
[pid: 3889|app: 0|req: 4/13] 127.0.0.1 () {46 vars in 1085 bytes} [Sun May 26 22:53:25 2019] POST /admin/goods/indexgoodsbanner/2/ => generated 0 bytes in 225 msecs (HTTP/1.1 302) 8 headers in 671 bytes (1 switches on core 1)
[pid: 3895|app: 0|req: 5/14] 127.0.0.1 () {42 vars in 1223 bytes} [Sun May 26 22:53:25 2019] GET /admin/goods/indexgoodsbanner/add/ => generated 7152 bytes in 227 msecs (HTTP/1.1 200) 8 headers in 420 bytes (1 switches on core 0)
[pid: 3893|app: 0|req: 4/15] 127.0.0.1 () {40 vars in 729 bytes} [Sun May 26 22:53:26 2019] GET /admin/jsi18n/ => generated 6776 bytes in 53 msecs (HTTP/1.1 200) 3 headers in 93 bytes (1 switches on core 1)
[pid: 3895|app: 0|req: 6/16] 127.0.0.1 () {42 vars in 856 bytes} [Sun May 26 22:53:29 2019] GET /admin/goods/indexgoodsbanner/ => generated 5186 bytes in 111 msecs (HTTP/1.1 200) 7 headers in 336 bytes (1 switches on core 1)
[pid: 3889|app: 0|req: 5/17] 127.0.0.1 () {40 vars in 725 bytes} [Sun May 26 22:53:29 2019] GET /admin/jsi18n/ => generated 6776 bytes in 36 msecs (HTTP/1.1 200) 3 headers in 93 bytes (1 switches on core 0)
[pid: 3889|app: 0|req: 6/18] 127.0.0.1 () {42 vars in 856 bytes} [Sun May 26 22:53:31 2019] GET /admin/goods/indexgoodsbanner/3/ => generated 7305 bytes in 447 msecs (HTTP/1.1 200) 7 headers in 336 bytes (1 switches on core 1)
[pid: 3893|app: 0|req: 5/19] 127.0.0.1 () {40 vars in 727 bytes} [Sun May 26 22:53:31 2019] GET /admin/jsi18n/ => generated 6776 bytes in 43 msecs (HTTP/1.1 200) 3 headers in 93 bytes (1 switches on core 0)
getting connection
<fdfs_client.connection.Connection object at 0x7f1fac4f67f0>
<fdfs_client.fdfs_protol.Tracker_header object at 0x7f1fac4f6630>
[pid: 3895|app: 0|req: 7/20] 127.0.0.1 () {46 vars in 1081 bytes} [Sun May 26 22:53:38 2019] POST /admin/goods/indexgoodsbanner/3/ => generated 0 bytes in 193 msecs (HTTP/1.1 302) 8 headers in 511 bytes (1 switches on core 0)
[pid: 3895|app: 0|req: 8/21] 127.0.0.1 () {42 vars in 1059 bytes} [Sun May 26 22:53:38 2019] GET /admin/goods/indexgoodsbanner/ => generated 5348 bytes in 78 msecs (HTTP/1.1 200) 8 headers in 420 bytes (1 switches on core 1)
[pid: 3891|app: 0|req: 3/22] 127.0.0.1 () {40 vars in 725 bytes} [Sun May 26 22:53:38 2019] GET /admin/jsi18n/ => generated 6776 bytes in 60 msecs (HTTP/1.1 200) 3 headers in 93 bytes (1 switches on core 0)
[pid: 3889|app: 0|req: 7/23] 127.0.0.1 () {42 vars in 856 bytes} [Sun May 26 22:53:40 2019] GET /admin/goods/indexgoodsbanner/4/ => generated 7305 bytes in 117 msecs (HTTP/1.1 200) 7 headers in 336 bytes (1 switches on core 0)
[pid: 3893|app: 0|req: 6/24] 127.0.0.1 () {40 vars in 727 bytes} [Sun May 26 22:53:40 2019] GET /admin/jsi18n/ => generated 6776 bytes in 42 msecs (HTTP/1.1 200) 3 headers in 93 bytes (1 switches on core 1)
getting connection
<fdfs_client.connection.Connection object at 0x7f1fac511278>
<fdfs_client.fdfs_protol.Tracker_header object at 0x7f1fac512080>
[pid: 3893|app: 0|req: 7/25] 127.0.0.1 () {46 vars in 1085 bytes} [Sun May 26 22:53:46 2019] POST /admin/goods/indexgoodsbanner/4/ => generated 0 bytes in 923 msecs (HTTP/1.1 302) 8 headers in 511 bytes (1 switches on core 0)
[pid: 3895|app: 0|req: 9/26] 127.0.0.1 () {42 vars in 1059 bytes} [Sun May 26 22:53:47 2019] GET /admin/goods/indexgoodsbanner/ => generated 5348 bytes in 124 msecs (HTTP/1.1 200) 8 headers in 420 bytes (1 switches on core 0)
[pid: 3889|app: 0|req: 8/27] 127.0.0.1 () {40 vars in 725 bytes} [Sun May 26 22:53:47 2019] GET /admin/jsi18n/ => generated 6776 bytes in 85 msecs (HTTP/1.1 200) 3 headers in 93 bytes (1 switches on core 1)
设置缓存
/home/hnz/.virtualenvs/pytest/lib/python3.5/site-packages/django_redis/__init__.py:10: RemovedInDjango19Warning: 'get_cache' is deprecated in favor of 'caches'.
  cache = get_cache(alias)

[pid: 3895|app: 0|req: 10/28] 127.0.0.1 () {42 vars in 773 bytes} [Sun May 26 22:53:48 2019] GET /index => generated 13287 bytes in 313 msecs (HTTP/1.1 200) 3 headers in 102 bytes (1 switches on core 1)
[pid: 3895|app: 0|req: 11/29] 127.0.0.1 () {42 vars in 818 bytes} [Sun May 26 22:53:58 2019] GET /admin/goods/ => generated 3824 bytes in 169 msecs (HTTP/1.1 200) 6 headers in 214 bytes (1 switches on core 0)
[pid: 3889|app: 0|req: 9/30] 127.0.0.1 () {44 vars in 898 bytes} [Sun May 26 22:54:00 2019] GET /admin/goods/indexpromotionbanner/ => generated 4730 bytes in 116 msecs (HTTP/1.1 200) 7 headers in 336 bytes (1 switches on core 0)
[pid: 3893|app: 0|req: 8/31] 127.0.0.1 () {40 vars in 729 bytes} [Sun May 26 22:54:00 2019] GET /admin/jsi18n/ => generated 6776 bytes in 68 msecs (HTTP/1.1 200) 3 headers in 93 bytes (1 switches on core 1)
[pid: 3889|app: 0|req: 10/32] 127.0.0.1 () {42 vars in 868 bytes} [Sun May 26 22:54:02 2019] GET /admin/goods/indexpromotionbanner/1/ => generated 6386 bytes in 684 msecs (HTTP/1.1 200) 7 headers in 336 bytes (1 switches on core 1)
[pid: 3891|app: 0|req: 4/33] 127.0.0.1 () {40 vars in 731 bytes} [Sun May 26 22:54:03 2019] GET /admin/jsi18n/ => generated 6776 bytes in 67 msecs (HTTP/1.1 200) 3 headers in 93 bytes (1 switches on core 1)
getting connection
<fdfs_client.connection.Connection object at 0x7f1fac54b6d8>
<fdfs_client.fdfs_protol.Tracker_header object at 0x7f1fac54b320>
[pid: 3891|app: 0|req: 5/34] 127.0.0.1 () {46 vars in 1097 bytes} [Sun May 26 22:55:01 2019] POST /admin/goods/indexpromotionbanner/1/ => generated 0 bytes in 212 msecs (HTTP/1.1 302) 8 headers in 519 bytes (1 switches on core 0)
[pid: 3895|app: 0|req: 12/35] 127.0.0.1 () {42 vars in 1075 bytes} [Sun May 26 22:55:01 2019] GET /admin/goods/indexpromotionbanner/ => generated 4896 bytes in 127 msecs (HTTP/1.1 200) 8 headers in 420 bytes (1 switches on core 1)
[pid: 3895|app: 0|req: 13/36] 127.0.0.1 () {40 vars in 729 bytes} [Sun May 26 22:55:02 2019] GET /admin/jsi18n/ => generated 6776 bytes in 56 msecs (HTTP/1.1 200) 3 headers in 93 bytes (1 switches on core 0)
[pid: 3895|app: 0|req: 14/37] 127.0.0.1 () {42 vars in 868 bytes} [Sun May 26 22:55:03 2019] GET /admin/goods/indexpromotionbanner/2/ => generated 6386 bytes in 248 msecs (HTTP/1.1 200) 7 headers in 336 bytes (1 switches on core 1)
[pid: 3895|app: 0|req: 15/38] 127.0.0.1 () {40 vars in 731 bytes} [Sun May 26 22:55:03 2019] GET /admin/jsi18n/ => generated 6776 bytes in 90 msecs (HTTP/1.1 200) 3 headers in 93 bytes (1 switches on core 0)
getting connection
<fdfs_client.connection.Connection object at 0x7f1fac526978>
<fdfs_client.fdfs_protol.Tracker_header object at 0x7f1fac526588>
[pid: 3891|app: 0|req: 6/39] 127.0.0.1 () {46 vars in 1093 bytes} [Sun May 26 22:55:08 2019] POST /admin/goods/indexpromotionbanner/2/ => generated 0 bytes in 78 msecs (HTTP/1.1 302) 8 headers in 519 bytes (1 switches on core 1)
[pid: 3895|app: 0|req: 16/40] 127.0.0.1 () {42 vars in 1075 bytes} [Sun May 26 22:55:09 2019] GET /admin/goods/indexpromotionbanner/ => generated 4896 bytes in 99 msecs (HTTP/1.1 200) 8 headers in 420 bytes (1 switches on core 1)
[pid: 3893|app: 0|req: 9/41] 127.0.0.1 () {40 vars in 729 bytes} [Sun May 26 22:55:09 2019] GET /admin/jsi18n/ => generated 6776 bytes in 43 msecs (HTTP/1.1 200) 3 headers in 93 bytes (1 switches on core 0)
设置缓存
/home/hnz/.virtualenvs/pytest/lib/python3.5/site-packages/django_redis/__init__.py:10: RemovedInDjango19Warning: 'get_cache' is deprecated in favor of 'caches'.
  cache = get_cache(alias)

[pid: 3889|app: 0|req: 11/42] 127.0.0.1 () {42 vars in 773 bytes} [Sun May 26 22:55:11 2019] GET /index => generated 13287 bytes in 291 msecs (HTTP/1.1 200) 3 headers in 102 bytes (1 switches on core 0)
[pid: 3895|app: 0|req: 17/43] 127.0.0.1 () {44 vars in 877 bytes} [Sun May 26 22:55:20 2019] GET /admin/goods/ => generated 3824 bytes in 106 msecs (HTTP/1.1 200) 6 headers in 214 bytes (1 switches on core 0)
[pid: 3893|app: 0|req: 10/44] 127.0.0.1 () {42 vars in 843 bytes} [Sun May 26 22:55:38 2019] GET /admin/goods/indexpromotionbanner/ => generated 4730 bytes in 130 msecs (HTTP/1.1 200) 7 headers in 336 bytes (1 switches on core 1)
[pid: 3893|app: 0|req: 11/45] 127.0.0.1 () {40 vars in 729 bytes} [Sun May 26 22:55:39 2019] GET /admin/jsi18n/ => generated 6776 bytes in 38 msecs (HTTP/1.1 200) 3 headers in 93 bytes (1 switches on core 0)
[pid: 3893|app: 0|req: 12/46] 127.0.0.1 () {44 vars in 877 bytes} [Sun May 26 22:55:42 2019] GET /admin/goods/ => generated 3824 bytes in 32 msecs (HTTP/1.1 200) 6 headers in 214 bytes (1 switches on core 1)
[pid: 3889|app: 0|req: 12/47] 127.0.0.1 () {42 vars in 843 bytes} [Sun May 26 22:55:43 2019] GET /admin/goods/indextypegoodsbanner/ => generated 13011 bytes in 132 msecs (HTTP/1.1 200) 7 headers in 336 bytes (1 switches on core 1)
[pid: 3893|app: 0|req: 13/48] 127.0.0.1 () {40 vars in 729 bytes} [Sun May 26 22:55:43 2019] GET /admin/jsi18n/ => generated 6776 bytes in 71 msecs (HTTP/1.1 200) 3 headers in 93 bytes (1 switches on core 0)
[pid: 3895|app: 0|req: 18/49] 127.0.0.1 () {44 vars in 877 bytes} [Sun May 26 22:55:49 2019] GET /admin/goods/ => generated 3824 bytes in 132 msecs (HTTP/1.1 200) 6 headers in 214 bytes (1 switches on core 1)
/home/hnz/.virtualenvs/pytest/lib/python3.5/site-packages/django_redis/__init__.py:10: RemovedInDjango19Warning: 'get_cache' is deprecated in favor of 'caches'.
  cache = get_cache(alias)

[pid: 3891|app: 0|req: 7/50] 127.0.0.1 () {42 vars in 773 bytes} [Sun May 26 22:59:22 2019] GET /index => generated 13287 bytes in 185 msecs (HTTP/1.1 200) 3 headers in 102 bytes (1 switches on core 0)
/home/hnz/.virtualenvs/pytest/lib/python3.5/site-packages/django_redis/__init__.py:10: RemovedInDjango19Warning: 'get_cache' is deprecated in favor of 'caches'.
  cache = get_cache(alias)

[pid: 3895|app: 0|req: 19/51] 127.0.0.1 () {42 vars in 784 bytes} [Sun May 26 22:59:36 2019] GET /goods/1 => generated 9465 bytes in 424 msecs (HTTP/1.1 200) 4 headers in 224 bytes (1 switches on core 0)
[pid: 3895|app: 0|req: 20/52] 127.0.0.1 () {42 vars in 773 bytes} [Sun May 26 22:59:48 2019] GET /index => generated 13287 bytes in 197 msecs (HTTP/1.1 200) 3 headers in 102 bytes (1 switches on core 1)
[pid: 3891|app: 0|req: 8/53] 127.0.0.1 () {42 vars in 821 bytes} [Sun May 26 23:00:37 2019] GET /admin/goods/goodstype/ => generated 5502 bytes in 219 msecs (HTTP/1.1 200) 7 headers in 336 bytes (1 switches on core 1)
[pid: 3895|app: 0|req: 21/54] 127.0.0.1 () {40 vars in 718 bytes} [Sun May 26 23:00:37 2019] GET /admin/jsi18n/ => generated 6776 bytes in 66 msecs (HTTP/1.1 200) 3 headers in 93 bytes (1 switches on core 0)
[pid: 3889|app: 0|req: 13/55] 127.0.0.1 () {42 vars in 835 bytes} [Sun May 26 23:00:46 2019] GET /admin/goods/goodstype/1/ => generated 5827 bytes in 100 msecs (HTTP/1.1 200) 7 headers in 336 bytes (1 switches on core 0)
[pid: 3893|app: 0|req: 14/56] 127.0.0.1 () {40 vars in 720 bytes} [Sun May 26 23:00:47 2019] GET /admin/jsi18n/ => generated 6776 bytes in 30 msecs (HTTP/1.1 200) 3 headers in 93 bytes (1 switches on core 1)
getting connection
<fdfs_client.connection.Connection object at 0x7f1fad885198>
<fdfs_client.fdfs_protol.Tracker_header object at 0x7f1fad885da0>
[pid: 3895|app: 0|req: 22/57] 127.0.0.1 () {46 vars in 1064 bytes} [Sun May 26 23:01:04 2019] POST /admin/goods/goodstype/1/ => generated 0 bytes in 189 msecs (HTTP/1.1 302) 8 headers in 495 bytes (1 switches on core 1)
[pid: 3895|app: 0|req: 23/58] 127.0.0.1 () {42 vars in 1029 bytes} [Sun May 26 23:01:05 2019] GET /admin/goods/goodstype/ => generated 5647 bytes in 101 msecs (HTTP/1.1 200) 8 headers in 420 bytes (1 switches on core 0)
[pid: 3895|app: 0|req: 24/59] 127.0.0.1 () {40 vars in 718 bytes} [Sun May 26 23:01:05 2019] GET /admin/jsi18n/ => generated 6776 bytes in 38 msecs (HTTP/1.1 200) 3 headers in 93 bytes (1 switches on core 1)
[pid: 3893|app: 0|req: 15/60] 127.0.0.1 () {42 vars in 835 bytes} [Sun May 26 23:01:12 2019] GET /admin/goods/goodstype/2/ => generated 5829 bytes in 145 msecs (HTTP/1.1 200) 7 headers in 336 bytes (1 switches on core 0)
[pid: 3895|app: 0|req: 25/61] 127.0.0.1 () {40 vars in 720 bytes} [Sun May 26 23:01:12 2019] GET /admin/jsi18n/ => generated 6776 bytes in 50 msecs (HTTP/1.1 200) 3 headers in 93 bytes (1 switches on core 0)
getting connection
<fdfs_client.connection.Connection object at 0x7f1fac492d68>
<fdfs_client.fdfs_protol.Tracker_header object at 0x7f1fac492908>
[pid: 3891|app: 0|req: 9/62] 127.0.0.1 () {46 vars in 1062 bytes} [Sun May 26 23:01:17 2019] POST /admin/goods/goodstype/2/ => generated 0 bytes in 131 msecs (HTTP/1.1 302) 8 headers in 495 bytes (1 switches on core 0)
[pid: 3889|app: 0|req: 14/63] 127.0.0.1 () {42 vars in 1029 bytes} [Sun May 26 23:01:17 2019] GET /admin/goods/goodstype/ => generated 5647 bytes in 122 msecs (HTTP/1.1 200) 8 headers in 420 bytes (1 switches on core 1)
[pid: 3895|app: 0|req: 26/64] 127.0.0.1 () {40 vars in 718 bytes} [Sun May 26 23:01:17 2019] GET /admin/jsi18n/ => generated 6776 bytes in 70 msecs (HTTP/1.1 200) 3 headers in 93 bytes (1 switches on core 1)
[pid: 3893|app: 0|req: 16/65] 127.0.0.1 () {42 vars in 835 bytes} [Sun May 26 23:01:19 2019] GET /admin/goods/goodstype/3/ => generated 5826 bytes in 120 msecs (HTTP/1.1 200) 7 headers in 336 bytes (1 switches on core 1)
[pid: 3889|app: 0|req: 15/66] 127.0.0.1 () {40 vars in 720 bytes} [Sun May 26 23:01:19 2019] GET /admin/jsi18n/ => generated 6776 bytes in 98 msecs (HTTP/1.1 200) 3 headers in 93 bytes (1 switches on core 0)
getting connection
<fdfs_client.connection.Connection object at 0x7f1fac499f60>
<fdfs_client.fdfs_protol.Tracker_header object at 0x7f1fac499b70>
[pid: 3891|app: 0|req: 10/67] 127.0.0.1 () {46 vars in 1058 bytes} [Sun May 26 23:01:27 2019] POST /admin/goods/goodstype/3/ => generated 0 bytes in 97 msecs (HTTP/1.1 302) 8 headers in 495 bytes (1 switches on core 1)
[pid: 3889|app: 0|req: 16/68] 127.0.0.1 () {42 vars in 1029 bytes} [Sun May 26 23:01:27 2019] GET /admin/goods/goodstype/ => generated 5647 bytes in 98 msecs (HTTP/1.1 200) 8 headers in 420 bytes (1 switches on core 1)
[pid: 3895|app: 0|req: 27/69] 127.0.0.1 () {40 vars in 718 bytes} [Sun May 26 23:01:27 2019] GET /admin/jsi18n/ => generated 6776 bytes in 32 msecs (HTTP/1.1 200) 3 headers in 93 bytes (1 switches on core 0)
[pid: 3893|app: 0|req: 17/70] 127.0.0.1 () {42 vars in 835 bytes} [Sun May 26 23:01:29 2019] GET /admin/goods/goodstype/4/ => generated 5825 bytes in 442 msecs (HTTP/1.1 200) 7 headers in 336 bytes (1 switches on core 0)
[pid: 3895|app: 0|req: 28/71] 127.0.0.1 () {40 vars in 720 bytes} [Sun May 26 23:01:29 2019] GET /admin/jsi18n/ => generated 6776 bytes in 46 msecs (HTTP/1.1 200) 3 headers in 93 bytes (1 switches on core 1)
getting connection
<fdfs_client.connection.Connection object at 0x7f1fac485438>
<fdfs_client.fdfs_protol.Tracker_header object at 0x7f1fac485908>
[pid: 3895|app: 0|req: 29/72] 127.0.0.1 () {46 vars in 1060 bytes} [Sun May 26 23:01:34 2019] POST /admin/goods/goodstype/4/ => generated 0 bytes in 173 msecs (HTTP/1.1 302) 8 headers in 495 bytes (1 switches on core 0)
[pid: 3895|app: 0|req: 30/73] 127.0.0.1 () {42 vars in 1029 bytes} [Sun May 26 23:01:34 2019] GET /admin/goods/goodstype/ => generated 5647 bytes in 152 msecs (HTTP/1.1 200) 8 headers in 420 bytes (1 switches on core 1)
[pid: 3895|app: 0|req: 31/74] 127.0.0.1 () {40 vars in 718 bytes} [Sun May 26 23:01:34 2019] GET /admin/jsi18n/ => generated 6776 bytes in 120 msecs (HTTP/1.1 200) 3 headers in 93 bytes (1 switches on core 0)
[pid: 3893|app: 0|req: 18/75] 127.0.0.1 () {42 vars in 835 bytes} [Sun May 26 23:01:37 2019] GET /admin/goods/goodstype/5/ => generated 5832 bytes in 145 msecs (HTTP/1.1 200) 7 headers in 336 bytes (1 switches on core 1)
[pid: 3889|app: 0|req: 17/76] 127.0.0.1 () {40 vars in 720 bytes} [Sun May 26 23:01:37 2019] GET /admin/jsi18n/ => generated 6776 bytes in 101 msecs (HTTP/1.1 200) 3 headers in 93 bytes (1 switches on core 0)
getting connection
<fdfs_client.connection.Connection object at 0x7f1fac4d44e0>
<fdfs_client.fdfs_protol.Tracker_header object at 0x7f1fac4d47b8>
[pid: 3889|app: 0|req: 18/77] 127.0.0.1 () {46 vars in 1064 bytes} [Sun May 26 23:01:42 2019] POST /admin/goods/goodstype/5/ => generated 0 bytes in 116 msecs (HTTP/1.1 302) 8 headers in 495 bytes (1 switches on core 1)
[pid: 3893|app: 0|req: 19/78] 127.0.0.1 () {42 vars in 1029 bytes} [Sun May 26 23:01:42 2019] GET /admin/goods/goodstype/ => generated 5647 bytes in 93 msecs (HTTP/1.1 200) 8 headers in 420 bytes (1 switches on core 0)
[pid: 3891|app: 0|req: 11/79] 127.0.0.1 () {40 vars in 718 bytes} [Sun May 26 23:01:42 2019] GET /admin/jsi18n/ => generated 6776 bytes in 44 msecs (HTTP/1.1 200) 3 headers in 93 bytes (1 switches on core 0)
[pid: 3893|app: 0|req: 20/80] 127.0.0.1 () {42 vars in 835 bytes} [Sun May 26 23:01:43 2019] GET /admin/goods/goodstype/6/ => generated 5825 bytes in 276 msecs (HTTP/1.1 200) 7 headers in 336 bytes (1 switches on core 1)
[pid: 3895|app: 0|req: 32/81] 127.0.0.1 () {40 vars in 720 bytes} [Sun May 26 23:01:44 2019] GET /admin/jsi18n/ => generated 6776 bytes in 49 msecs (HTTP/1.1 200) 3 headers in 93 bytes (1 switches on core 1)
getting connection
<fdfs_client.connection.Connection object at 0x7f1fac40b048>
<fdfs_client.fdfs_protol.Tracker_header object at 0x7f1fac40b438>
[pid: 3893|app: 0|req: 21/82] 127.0.0.1 () {46 vars in 1064 bytes} [Sun May 26 23:01:49 2019] POST /admin/goods/goodstype/6/ => generated 0 bytes in 94 msecs (HTTP/1.1 302) 8 headers in 495 bytes (1 switches on core 0)
[pid: 3895|app: 0|req: 33/83] 127.0.0.1 () {42 vars in 1029 bytes} [Sun May 26 23:01:49 2019] GET /admin/goods/goodstype/ => generated 5647 bytes in 90 msecs (HTTP/1.1 200) 8 headers in 420 bytes (1 switches on core 0)
[pid: 3895|app: 0|req: 34/84] 127.0.0.1 () {40 vars in 718 bytes} [Sun May 26 23:01:49 2019] GET /admin/jsi18n/ => generated 6776 bytes in 11 msecs (HTTP/1.1 200) 3 headers in 93 bytes (1 switches on core 1)
设置缓存
/home/hnz/.virtualenvs/pytest/lib/python3.5/site-packages/django_redis/__init__.py:10: RemovedInDjango19Warning: 'get_cache' is deprecated in favor of 'caches'.
  cache = get_cache(alias)

[pid: 3893|app: 0|req: 22/85] 127.0.0.1 () {42 vars in 773 bytes} [Sun May 26 23:01:52 2019] GET /index => generated 13287 bytes in 329 msecs (HTTP/1.1 200) 3 headers in 102 bytes (1 switches on core 1)
[pid: 3895|app: 0|req: 35/86] 127.0.0.1 () {44 vars in 866 bytes} [Sun May 26 23:02:55 2019] GET /admin/goods/ => generated 3824 bytes in 78 msecs (HTTP/1.1 200) 6 headers in 214 bytes (1 switches on core 0)
[pid: 3893|app: 0|req: 23/87] 127.0.0.1 () {44 vars in 898 bytes} [Sun May 26 23:03:10 2019] GET /admin/goods/indextypegoodsbanner/ => generated 13011 bytes in 112 msecs (HTTP/1.1 200) 7 headers in 336 bytes (1 switches on core 0)
[pid: 3895|app: 0|req: 36/88] 127.0.0.1 () {40 vars in 729 bytes} [Sun May 26 23:03:10 2019] GET /admin/jsi18n/ => generated 6776 bytes in 47 msecs (HTTP/1.1 200) 3 headers in 93 bytes (1 switches on core 1)
[pid: 3895|app: 0|req: 37/89] 127.0.0.1 () {42 vars in 868 bytes} [Sun May 26 23:03:13 2019] GET /admin/goods/indextypegoodsbanner/1/ => generated 8786 bytes in 155 msecs (HTTP/1.1 200) 7 headers in 336 bytes (1 switches on core 0)
[pid: 3893|app: 0|req: 24/90] 127.0.0.1 () {40 vars in 731 bytes} [Sun May 26 23:03:13 2019] GET /admin/jsi18n/ => generated 6776 bytes in 110 msecs (HTTP/1.1 200) 3 headers in 93 bytes (1 switches on core 1)
[pid: 3891|app: 0|req: 12/91] 127.0.0.1 () {44 vars in 921 bytes} [Sun May 26 23:03:21 2019] GET /admin/goods/indextypegoodsbanner/ => generated 13011 bytes in 125 msecs (HTTP/1.1 200) 7 headers in 336 bytes (1 switches on core 1)
[pid: 3895|app: 0|req: 38/92] 127.0.0.1 () {40 vars in 729 bytes} [Sun May 26 23:03:21 2019] GET /admin/jsi18n/ => generated 6776 bytes in 34 msecs (HTTP/1.1 200) 3 headers in 93 bytes (1 switches on core 1)
[pid: 3891|app: 0|req: 13/93] 127.0.0.1 () {42 vars in 870 bytes} [Sun May 26 23:03:22 2019] GET /admin/goods/indextypegoodsbanner/36/ => generated 8788 bytes in 165 msecs (HTTP/1.1 200) 7 headers in 336 bytes (1 switches on core 0)
[pid: 3891|app: 0|req: 14/94] 127.0.0.1 () {40 vars in 732 bytes} [Sun May 26 23:03:22 2019] GET /admin/jsi18n/ => generated 6776 bytes in 34 msecs (HTTP/1.1 200) 3 headers in 93 bytes (1 switches on core 1)
[pid: 3893|app: 0|req: 25/95] 127.0.0.1 () {44 vars in 922 bytes} [Sun May 26 23:03:26 2019] GET /admin/goods/indextypegoodsbanner/ => generated 13011 bytes in 133 msecs (HTTP/1.1 200) 7 headers in 336 bytes (1 switches on core 0)
[pid: 3895|app: 0|req: 39/96] 127.0.0.1 () {40 vars in 729 bytes} [Sun May 26 23:03:26 2019] GET /admin/jsi18n/ => generated 6776 bytes in 46 msecs (HTTP/1.1 200) 3 headers in 93 bytes (1 switches on core 0)
[pid: 3893|app: 0|req: 26/97] 127.0.0.1 () {44 vars in 923 bytes} [Sun May 26 23:03:28 2019] GET /admin/goods/indextypegoodsbanner/1/ => generated 8786 bytes in 187 msecs (HTTP/1.1 200) 7 headers in 336 bytes (1 switches on core 1)
[pid: 3895|app: 0|req: 40/98] 127.0.0.1 () {40 vars in 731 bytes} [Sun May 26 23:03:29 2019] GET /admin/jsi18n/ => generated 6776 bytes in 43 msecs (HTTP/1.1 200) 3 headers in 93 bytes (1 switches on core 1)
[pid: 3893|app: 0|req: 27/99] 127.0.0.1 () {44 vars in 921 bytes} [Sun May 26 23:03:40 2019] GET /admin/goods/indextypegoodsbanner/ => generated 13011 bytes in 139 msecs (HTTP/1.1 200) 7 headers in 336 bytes (1 switches on core 0)
[pid: 3889|app: 0|req: 19/100] 127.0.0.1 () {40 vars in 729 bytes} [Sun May 26 23:03:40 2019] GET /admin/jsi18n/ => generated 6776 bytes in 34 msecs (HTTP/1.1 200) 3 headers in 93 bytes (1 switches on core 0)
[pid: 3889|app: 0|req: 20/101] 127.0.0.1 () {44 vars in 877 bytes} [Sun May 26 23:03:43 2019] GET /admin/goods/ => generated 3824 bytes in 88 msecs (HTTP/1.1 200) 6 headers in 214 bytes (1 switches on core 1)
[pid: 3895|app: 0|req: 41/102] 127.0.0.1 () {44 vars in 898 bytes} [Sun May 26 23:03:48 2019] GET /admin/goods/indexpromotionbanner/ => generated 4730 bytes in 117 msecs (HTTP/1.1 200) 7 headers in 336 bytes (1 switches on core 0)
[pid: 3895|app: 0|req: 42/103] 127.0.0.1 () {40 vars in 729 bytes} [Sun May 26 23:03:49 2019] GET /admin/jsi18n/ => generated 6776 bytes in 15 msecs (HTTP/1.1 200) 3 headers in 93 bytes (1 switches on core 1)
[pid: 3891|app: 0|req: 15/104] 127.0.0.1 () {42 vars in 868 bytes} [Sun May 26 23:03:50 2019] GET /admin/goods/indexpromotionbanner/1/ => generated 6386 bytes in 159 msecs (HTTP/1.1 200) 7 headers in 336 bytes (1 switches on core 0)
[pid: 3891|app: 0|req: 16/105] 127.0.0.1 () {40 vars in 731 bytes} [Sun May 26 23:03:50 2019] GET /admin/jsi18n/ => generated 6776 bytes in 41 msecs (HTTP/1.1 200) 3 headers in 93 bytes (1 switches on core 1)
[pid: 3889|app: 0|req: 21/106] 127.0.0.1 () {44 vars in 921 bytes} [Sun May 26 23:07:25 2019] GET /admin/goods/indexpromotionbanner/ => generated 4730 bytes in 128 msecs (HTTP/1.1 200) 7 headers in 336 bytes (1 switches on core 0)
[pid: 3893|app: 0|req: 28/107] 127.0.0.1 () {40 vars in 729 bytes} [Sun May 26 23:07:25 2019] GET /admin/jsi18n/ => generated 6776 bytes in 131 msecs (HTTP/1.1 200) 3 headers in 93 bytes (1 switches on core 1)
[pid: 3895|app: 0|req: 43/108] 127.0.0.1 () {44 vars in 877 bytes} [Sun May 26 23:07:27 2019] GET /admin/goods/ => generated 3824 bytes in 138 msecs (HTTP/1.1 200) 6 headers in 214 bytes (1 switches on core 0)
[pid: 3895|app: 0|req: 44/109] 127.0.0.1 () {42 vars in 821 bytes} [Sun May 26 23:07:31 2019] GET /admin/goods/goodstype/ => generated 5502 bytes in 234 msecs (HTTP/1.1 200) 7 headers in 336 bytes (1 switches on core 1)
[pid: 3893|app: 0|req: 29/110] 127.0.0.1 () {40 vars in 718 bytes} [Sun May 26 23:07:31 2019] GET /admin/jsi18n/ => generated 6776 bytes in 33 msecs (HTTP/1.1 200) 3 headers in 93 bytes (1 switches on core 0)
[pid: 3891|app: 0|req: 17/111] 127.0.0.1 () {42 vars in 835 bytes} [Sun May 26 23:07:33 2019] GET /admin/goods/goodstype/1/ => generated 5827 bytes in 249 msecs (HTTP/1.1 200) 7 headers in 336 bytes (1 switches on core 0)
[pid: 3895|app: 0|req: 45/112] 127.0.0.1 () {40 vars in 720 bytes} [Sun May 26 23:07:33 2019] GET /admin/jsi18n/ => generated 6776 bytes in 204 msecs (HTTP/1.1 200) 3 headers in 93 bytes (1 switches on core 0)
[pid: 3895|app: 0|req: 46/113] 127.0.0.1 () {44 vars in 888 bytes} [Sun May 26 23:07:36 2019] GET /admin/goods/goodstype/ => generated 5502 bytes in 202 msecs (HTTP/1.1 200) 7 headers in 336 bytes (1 switches on core 1)
[pid: 3893|app: 0|req: 30/114] 127.0.0.1 () {40 vars in 718 bytes} [Sun May 26 23:07:36 2019] GET /admin/jsi18n/ => generated 6776 bytes in 48 msecs (HTTP/1.1 200) 3 headers in 93 bytes (1 switches on core 1)
[pid: 3895|app: 0|req: 47/115] 127.0.0.1 () {44 vars in 866 bytes} [Sun May 26 23:07:37 2019] GET /admin/goods/ => generated 3824 bytes in 89 msecs (HTTP/1.1 200) 6 headers in 214 bytes (1 switches on core 0)
[pid: 3895|app: 0|req: 48/116] 127.0.0.1 () {44 vars in 898 bytes} [Sun May 26 23:07:39 2019] GET /admin/goods/indextypegoodsbanner/ => generated 13011 bytes in 252 msecs (HTTP/1.1 200) 7 headers in 336 bytes (1 switches on core 1)
[pid: 3893|app: 0|req: 31/117] 127.0.0.1 () {40 vars in 729 bytes} [Sun May 26 23:07:39 2019] GET /admin/jsi18n/ => generated 6776 bytes in 51 msecs (HTTP/1.1 200) 3 headers in 93 bytes (1 switches on core 0)
[pid: 3895|app: 0|req: 49/118] 127.0.0.1 () {44 vars in 923 bytes} [Sun May 26 23:07:41 2019] GET /admin/goods/indextypegoodsbanner/1/ => generated 8786 bytes in 80 msecs (HTTP/1.1 200) 7 headers in 336 bytes (1 switches on core 0)
[pid: 3891|app: 0|req: 18/119] 127.0.0.1 () {40 vars in 731 bytes} [Sun May 26 23:07:41 2019] GET /admin/jsi18n/ => generated 6776 bytes in 24 msecs (HTTP/1.1 200) 3 headers in 93 bytes (1 switches on core 1)
[pid: 3889|app: 0|req: 22/120] 127.0.0.1 () {44 vars in 921 bytes} [Sun May 26 23:07:50 2019] GET /admin/goods/indextypegoodsbanner/ => generated 13011 bytes in 215 msecs (HTTP/1.1 200) 7 headers in 336 bytes (1 switches on core 1)
[pid: 3891|app: 0|req: 19/121] 127.0.0.1 () {40 vars in 729 bytes} [Sun May 26 23:07:50 2019] GET /admin/jsi18n/ => generated 6776 bytes in 92 msecs (HTTP/1.1 200) 3 headers in 93 bytes (1 switches on core 0)
[pid: 3893|app: 0|req: 32/122] 127.0.0.1 () {42 vars in 870 bytes} [Sun May 26 23:07:51 2019] GET /admin/goods/indextypegoodsbanner/31/ => generated 8788 bytes in 428 msecs (HTTP/1.1 200) 7 headers in 336 bytes (1 switches on core 1)
[pid: 3889|app: 0|req: 23/123] 127.0.0.1 () {40 vars in 732 bytes} [Sun May 26 23:07:52 2019] GET /admin/jsi18n/ => generated 6776 bytes in 33 msecs (HTTP/1.1 200) 3 headers in 93 bytes (1 switches on core 0)
/home/hnz/.virtualenvs/pytest/lib/python3.5/site-packages/django_redis/__init__.py:10: RemovedInDjango19Warning: 'get_cache' is deprecated in favor of 'caches'.
  cache = get_cache(alias)

[pid: 3891|app: 0|req: 20/124] 127.0.0.1 () {42 vars in 784 bytes} [Sun May 26 23:15:01 2019] GET /goods/5 => generated 9325 bytes in 119 msecs (HTTP/1.1 200) 4 headers in 224 bytes (1 switches on core 1)
SIGINT/SIGQUIT received...killing workers...
worker 1 buried after 1 seconds
worker 2 buried after 1 seconds
worker 3 buried after 1 seconds
worker 4 buried after 1 seconds
goodbye to uWSGI.
*** Starting uWSGI 2.0.18 (64bit) on [Mon May 27 12:47:23 2019] ***
compiled with version: 5.4.0 20160609 on 25 May 2019 05:17:46
os: Linux-4.15.0-50-generic #54~16.04.1-Ubuntu SMP Wed May 8 15:55:19 UTC 2019
nodename: hnz-virtual-machine
machine: x86_64
clock source: unix
pcre jit disabled
detected number of CPU cores: 4
current working directory: /home/hnz/py/dailyfresh
writing pidfile to uwsgi.pid
detected binary path: /home/hnz/.virtualenvs/pytest/bin/uwsgi
chdir() to /home/hnz/py/dailyfresh
your processes number limit is 7643
your memory page size is 4096 bytes
detected max file descriptor number: 1048576
lock engine: pthread robust mutexes
thunder lock: disabled (you can enable it with --thunder-lock)
uwsgi socket 0 bound to TCP address 127.0.0.1:8080 fd 3
Python version: 3.5.2 (default, Nov 12 2018, 13:43:14)  [GCC 5.4.0 20160609]
Set PythonHome to /home/hnz/.virtualenvs/pytest
Python main interpreter initialized at 0x20f4680
python threads support enabled
your server socket listen backlog is limited to 100 connections
your mercy for graceful operations on workers is 60 seconds
mapped 416880 bytes (407 KB) for 8 cores
*** Operational MODE: preforking+threaded ***
WSGI app 0 (mountpoint='') ready in 7 seconds on interpreter 0x20f4680 pid: 2486 (default app)
*** uWSGI is running in multiple interpreter mode ***
spawned uWSGI master process (pid: 2486)
spawned uWSGI worker 1 (pid: 2490, cores: 2)
spawned uWSGI worker 2 (pid: 2491, cores: 2)
spawned uWSGI worker 3 (pid: 2492, cores: 2)
spawned uWSGI worker 4 (pid: 2494, cores: 2)
[pid: 2491|app: 0|req: 1/1] 127.0.0.1 () {40 vars in 737 bytes} [Mon May 27 12:48:32 2019] GET / => generated 3010 bytes in 22514 msecs (HTTP/1.1 404) 2 headers in 80 bytes (1 switches on core 0)
[pid: 2490|app: 0|req: 1/2] 127.0.0.1 () {40 vars in 737 bytes} [Mon May 27 12:49:52 2019] GET / => generated 3010 bytes in 18251 msecs (HTTP/1.1 404) 2 headers in 80 bytes (1 switches on core 0)
/home/hnz/.virtualenvs/pytest/lib/python3.5/site-packages/django_redis/__init__.py:10: RemovedInDjango19Warning: 'get_cache' is deprecated in favor of 'caches'.
  cache = get_cache(alias)

[pid: 2491|app: 0|req: 2/3] 127.0.0.1 () {42 vars in 791 bytes} [Mon May 27 12:50:54 2019] GET /goods/13 => generated 9324 bytes in 2496 msecs (HTTP/1.1 200) 4 headers in 224 bytes (1 switches on core 1)
[pid: 2494|app: 0|req: 1/4] 127.0.0.1 () {42 vars in 806 bytes} [Mon May 27 12:51:16 2019] GET /user/address => generated 3529 bytes in 11120 msecs (HTTP/1.1 200) 4 headers in 224 bytes (1 switches on core 1)
[pid: 2491|app: 0|req: 3/5] 127.0.0.1 () {42 vars in 805 bytes} [Mon May 27 12:51:56 2019] GET /user/index.html => generated 4215 bytes in 11 msecs (HTTP/1.1 404) 2 headers in 80 bytes (1 switches on core 0)
[pid: 2491|app: 0|req: 4/6] 127.0.0.1 () {42 vars in 805 bytes} [Mon May 27 12:51:57 2019] GET /cart/index.html => generated 3639 bytes in 9 msecs (HTTP/1.1 404) 2 headers in 80 bytes (1 switches on core 1)
/home/hnz/.virtualenvs/pytest/lib/python3.5/site-packages/django_redis/__init__.py:10: RemovedInDjango19Warning: 'get_cache' is deprecated in favor of 'caches'.
  cache = get_cache(alias)

[pid: 2492|app: 0|req: 1/7] 127.0.0.1 () {42 vars in 794 bytes} [Mon May 27 12:52:06 2019] GET /goods/13 => generated 9324 bytes in 2119 msecs (HTTP/1.1 200) 4 headers in 224 bytes (1 switches on core 0)
/home/hnz/.virtualenvs/pytest/lib/python3.5/site-packages/django_redis/__init__.py:10: RemovedInDjango19Warning: 'get_cache' is deprecated in favor of 'caches'.
  cache = get_cache(alias)

[pid: 2492|app: 0|req: 2/8] 127.0.0.1 () {40 vars in 747 bytes} [Mon May 27 12:52:38 2019] GET /index => generated 13287 bytes in 252 msecs (HTTP/1.1 200) 3 headers in 102 bytes (1 switches on core 1)
/home/hnz/.virtualenvs/pytest/lib/python3.5/site-packages/django_redis/__init__.py:10: RemovedInDjango19Warning: 'get_cache' is deprecated in favor of 'caches'.
  cache = get_cache(alias)

[pid: 2491|app: 0|req: 5/9] 127.0.0.1 () {46 vars in 882 bytes} [Mon May 27 12:52:46 2019] POST /cart/add => generated 67 bytes in 193 msecs (HTTP/1.1 200) 3 headers in 94 bytes (1 switches on core 0)
[pid: 2492|app: 0|req: 3/10] 127.0.0.1 () {46 vars in 882 bytes} [Mon May 27 12:52:52 2019] POST /cart/add => generated 67 bytes in 56 msecs (HTTP/1.1 200) 3 headers in 94 bytes (1 switches on core 0)
[pid: 2492|app: 0|req: 4/11] 127.0.0.1 () {46 vars in 912 bytes} [Mon May 27 12:53:12 2019] POST /order/place => generated 5833 bytes in 130 msecs (HTTP/1.1 200) 4 headers in 224 bytes (1 switches on core 1)
[pid: 2494|app: 0|req: 2/12] 127.0.0.1 () {46 vars in 894 bytes} [Mon May 27 12:53:23 2019] POST /order/commit => generated 54 bytes in 99 msecs (HTTP/1.1 200) 3 headers in 94 bytes (1 switches on core 0)
SIGINT/SIGQUIT received...killing workers...
worker 1 buried after 1 seconds
worker 2 buried after 1 seconds
worker 3 buried after 1 seconds
worker 4 buried after 1 seconds
goodbye to uWSGI.
